{
  "corpus": "../data/ciao_with_rating_timestamp_txt/rating_with_timestamp_timestamp_5.txt",
  "trusts": "../data/ciao_with_rating_timestamp_txt/trust_trust_5.txt",
  Loading votes from ../data/ciao_with_rating_timestamp_txt/rating_with_timestamp_timestamp_5.txt, userMin = 4, itemMin = 0  
  "nUsers": 2219


  Generating votes data 
  Loading trusts from ../data/ciao_with_rating_timestamp_txt/trust_trust_5.txt   
  "nTrusts": 25134

  "nUsers": 1415, "nItems": 4881, "nVotes": 6973

<<< BPR-MF__K_20_lambda_0.0100_biasReg_1.0000 >>>

Iter: 1, took 0.002568
Iter: 2, took 0.001972
Iter: 3, took 0.001884
Iter: 4, took 0.001855
Iter: 5, took 0.026150
[Valid AUC = 0.437622], Test AUC = 0.438399, Test Std = 0.306230
Iter: 6, took 0.007818
Iter: 7, took 0.003005
Iter: 8, took 0.002483
Iter: 9, took 0.014386
Iter: 10, took 0.003539
[Valid AUC = 0.448777], Test AUC = 0.449265, Test Std = 0.296070
Iter: 11, took 0.031506
Iter: 12, took 0.001736
Iter: 13, took 0.034365
Iter: 14, took 0.001790
Iter: 15, took 0.014518
[Valid AUC = 0.457029], Test AUC = 0.455400, Test Std = 0.289968
Iter: 16, took 0.002994
Iter: 17, took 0.001718
Iter: 18, took 0.001668
Iter: 19, took 0.001674
Iter: 20, took 0.001682
[Valid AUC = 0.463096], Test AUC = 0.463224, Test Std = 0.286998
Iter: 21, took 0.003275
Iter: 22, took 0.001745
Iter: 23, took 0.015079
Iter: 24, took 0.003271
Iter: 25, took 0.002683
[Valid AUC = 0.467385], Test AUC = 0.467978, Test Std = 0.284433
Iter: 26, took 0.003013
Iter: 27, took 0.001796
Iter: 28, took 0.001825
Iter: 29, took 0.008792
Iter: 30, took 0.001962
[Valid AUC = 0.471029], Test AUC = 0.471704, Test Std = 0.280755
Iter: 31, took 0.003170
Iter: 32, took 0.001883
Iter: 33, took 0.002013
Iter: 34, took 0.001714
Iter: 35, took 0.001641
[Valid AUC = 0.474827], Test AUC = 0.475073, Test Std = 0.277788
Iter: 36, took 0.003011
Iter: 37, took 0.001645
Iter: 38, took 0.001532
Iter: 39, took 0.001524
Iter: 40, took 0.001545
[Valid AUC = 0.478659], Test AUC = 0.478834, Test Std = 0.274858
Iter: 41, took 0.004427
Iter: 42, took 0.001816
Iter: 43, took 0.001489
Iter: 44, took 0.001476
Iter: 45, took 0.001485
[Valid AUC = 0.482166], Test AUC = 0.481817, Test Std = 0.272882
Iter: 46, took 0.004099
Iter: 47, took 0.002492
Iter: 48, took 0.002106
Iter: 49, took 0.001895
Iter: 50, took 0.001785
[Valid AUC = 0.484637], Test AUC = 0.484462, Test Std = 0.269828
Iter: 51, took 0.004463
Iter: 52, took 0.014966
Iter: 53, took 0.003503
Iter: 54, took 0.002754
Iter: 55, took 0.002400
[Valid AUC = 0.486033], Test AUC = 0.486875, Test Std = 0.267453
Iter: 56, took 0.004568
Iter: 57, took 0.002876
Iter: 58, took 0.002401
Iter: 59, took 0.002179
Iter: 60, took 0.002025
[Valid AUC = 0.488495], Test AUC = 0.488964, Test Std = 0.265787
Iter: 61, took 0.023375
Iter: 62, took 0.014841
Iter: 63, took 0.001751
Iter: 64, took 0.001651
Iter: 65, took 0.001584
[Valid AUC = 0.488975], Test AUC = 0.491491, Test Std = 0.263743
Iter: 66, took 0.003204
Iter: 67, took 0.001590
Iter: 68, took 0.001558
Iter: 69, took 0.001526
Iter: 70, took 0.001496
[Valid AUC = 0.491608], Test AUC = 0.492003, Test Std = 0.262001
Iter: 71, took 0.002970
Iter: 72, took 0.001623
Iter: 73, took 0.001551
Iter: 74, took 0.001608
Iter: 75, took 0.001452
[Valid AUC = 0.492644], Test AUC = 0.494425, Test Std = 0.260412
Iter: 76, took 0.004227
Iter: 77, took 0.003257
Iter: 78, took 0.002249
Iter: 79, took 0.002027
Iter: 80, took 0.001916
[Valid AUC = 0.493936], Test AUC = 0.494755, Test Std = 0.258843
Iter: 81, took 0.019654
Iter: 82, took 0.002656
Iter: 83, took 0.001694
Iter: 84, took 0.001542
Iter: 85, took 0.033778
[Valid AUC = 0.496138], Test AUC = 0.496662, Test Std = 0.257603
Iter: 86, took 0.004494
Iter: 87, took 0.025974
Iter: 88, took 0.003700
Iter: 89, took 0.021295
Iter: 90, took 0.017884
[Valid AUC = 0.496505], Test AUC = 0.498782, Test Std = 0.255927
Iter: 91, took 0.004459
Iter: 92, took 0.015335
Iter: 93, took 0.003126
Iter: 94, took 0.002689
Iter: 95, took 0.002320
[Valid AUC = 0.496978], Test AUC = 0.499495, Test Std = 0.254439
Iter: 96, took 0.004354
Iter: 97, took 0.002884
Iter: 98, took 0.002345
Iter: 99, took 0.002169
Iter: 100, took 0.001975
[Valid AUC = 0.496956], Test AUC = 0.500332, Test Std = 0.253209
Iter: 101, took 0.004939
Iter: 102, took 0.003216
Iter: 103, took 0.003068
Iter: 104, took 0.002887
Iter: 105, took 0.002976
[Valid AUC = 0.497344], Test AUC = 0.501429, Test Std = 0.252582
Iter: 106, took 0.004291
Iter: 107, took 0.002621
Iter: 108, took 0.002272
Iter: 109, took 0.002050
Iter: 110, took 0.001887
[Valid AUC = 0.497232], Test AUC = 0.501625, Test Std = 0.251542
Iter: 111, took 0.014594
Iter: 112, took 0.012506
Iter: 113, took 0.003606
Iter: 114, took 0.002727
Iter: 115, took 0.002380
[Valid AUC = 0.497515], Test AUC = 0.503069, Test Std = 0.250568
Iter: 116, took 0.016630
Iter: 117, took 0.003448
Iter: 118, took 0.002768
Iter: 119, took 0.002405
Iter: 120, took 0.002191
[Valid AUC = 0.498262], Test AUC = 0.504098, Test Std = 0.249725
Iter: 121, took 0.004490
Iter: 122, took 0.002895
Iter: 123, took 0.002431
Iter: 124, took 0.002104
Iter: 125, took 0.001969
[Valid AUC = 0.499378], Test AUC = 0.504614, Test Std = 0.249393
Iter: 126, took 0.002893
Iter: 127, took 0.001635
Iter: 128, took 0.001564
Iter: 129, took 0.001641
Iter: 130, took 0.001540
[Valid AUC = 0.498715], Test AUC = 0.504344, Test Std = 0.248272
Iter: 131, took 0.040827
Iter: 132, took 0.002982
Iter: 133, took 0.050724
Iter: 134, took 0.015523
Iter: 135, took 0.003624
[Valid AUC = 0.498769], Test AUC = 0.504582, Test Std = 0.248193
Iter: 136, took 0.004652
Iter: 137, took 0.003181
Iter: 138, took 0.003590
Iter: 139, took 0.003056
Iter: 140, took 0.002973
[Valid AUC = 0.498811], Test AUC = 0.505484, Test Std = 0.246859
Iter: 141, took 0.004683
Iter: 142, took 0.002945
Iter: 143, took 0.002454
Iter: 144, took 0.002286
Iter: 145, took 0.002064
[Valid AUC = 0.498839], Test AUC = 0.505867, Test Std = 0.246813
Iter: 146, took 0.011869
Iter: 147, took 0.013978
Iter: 148, took 0.006894
Iter: 149, took 0.002667
Iter: 150, took 0.002265
[Valid AUC = 0.498704], Test AUC = 0.504743, Test Std = 0.246468
Iter: 151, took 0.004567
Iter: 152, took 0.002887
Iter: 153, took 0.002393
Iter: 154, took 0.002114
Iter: 155, took 0.001923
[Valid AUC = 0.499067], Test AUC = 0.505133, Test Std = 0.246195
Iter: 156, took 0.004573
Iter: 157, took 0.002965
Iter: 158, took 0.002485
Iter: 159, took 0.002236
Iter: 160, took 0.002089
[Valid AUC = 0.499195], Test AUC = 0.505227, Test Std = 0.245932
Iter: 161, took 0.028571
Iter: 162, took 0.003274
Iter: 163, took 0.002603
Iter: 164, took 0.027144
Iter: 165, took 0.011138
[Valid AUC = 0.499101], Test AUC = 0.505204, Test Std = 0.245661
Iter: 166, took 0.004721
Iter: 167, took 0.015348
Iter: 168, took 0.003376
Iter: 169, took 0.002757
Iter: 170, took 0.002430
[Valid AUC = 0.498854], Test AUC = 0.505410, Test Std = 0.245417
Iter: 171, took 0.016868
Iter: 172, took 0.003776
Iter: 173, took 0.003138
Iter: 174, took 0.002863
Iter: 175, took 0.015230
[Valid AUC = 0.499106], Test AUC = 0.505399, Test Std = 0.244128
Iter: 176, took 0.004662
Iter: 177, took 0.003038
Iter: 178, took 0.002639
Iter: 179, took 0.002407
Iter: 180, took 0.002240
[Valid AUC = 0.498907], Test AUC = 0.504857, Test Std = 0.243575
Overfitted. Exiting... 


 <<< BPR-MF >>> Test AUC = 0.504614, Test Std = 0.251958
Best Iteration = 125, Val AUC = 0.499378

}
