{
  "corpus": "../data/umn_foursquare_datasets/foursquare_timestamp_5.txt",
  "trusts": "../data/umn_foursquare_datasets/foursquare_trust_5.txt",
  Loading votes from ../data/umn_foursquare_datasets/foursquare_timestamp_5.txt, userMin = 4, itemMin = 0  .........
  "nUsers": 485381
.........

  Generating votes data 
  Loading trusts from ../data/umn_foursquare_datasets/foursquare_trust_5.txt  ........... 
  "nTrusts": 65732

  "nUsers": 43137, "nItems": 24825, "nVotes": 188270

<<< BPR-MF__K_20_lambda_0.0100_biasReg_1.0000 >>>

Iter: 1, took 0.129074
Iter: 2, took 0.121871
Iter: 3, took 0.120790
Iter: 4, took 0.118990
Iter: 5, took 0.120083
[Valid AUC = 0.836263], Test AUC = 0.843021, Test Std = 0.265963
Iter: 6, took 0.093921
Iter: 7, took 0.086496
Iter: 8, took 0.086685
Iter: 9, took 0.085325
Iter: 10, took 0.085291
[Valid AUC = 0.856645], Test AUC = 0.861928, Test Std = 0.255181
Iter: 11, took 0.095481
Iter: 12, took 0.088709
Iter: 13, took 0.086805
Iter: 14, took 0.088038
Iter: 15, took 0.088218
[Valid AUC = 0.865317], Test AUC = 0.870009, Test Std = 0.250821
Iter: 16, took 0.089788
Iter: 17, took 0.081074
Iter: 18, took 0.080923
Iter: 19, took 0.080557
Iter: 20, took 0.081042
[Valid AUC = 0.869745], Test AUC = 0.874073, Test Std = 0.249102
Iter: 21, took 0.090619
Iter: 22, took 0.082343
Iter: 23, took 0.082748
Iter: 24, took 0.083229
Iter: 25, took 0.082946
[Valid AUC = 0.872191], Test AUC = 0.876378, Test Std = 0.248632
Iter: 26, took 0.091278
Iter: 27, took 0.083843
Iter: 28, took 0.084604
Iter: 29, took 0.083907
Iter: 30, took 0.084440
[Valid AUC = 0.873550], Test AUC = 0.877706, Test Std = 0.248685
Iter: 31, took 0.089763
Iter: 32, took 0.084265
Iter: 33, took 0.085577
Iter: 34, took 0.084919
Iter: 35, took 0.085241
[Valid AUC = 0.874308], Test AUC = 0.878360, Test Std = 0.249173
Iter: 36, took 0.091444
Iter: 37, took 0.084615
Iter: 38, took 0.084068
Iter: 39, took 0.084125
Iter: 40, took 0.084314
[Valid AUC = 0.874665], Test AUC = 0.878809, Test Std = 0.249844
Iter: 41, took 0.088581
Iter: 42, took 0.082516
Iter: 43, took 0.082469
Iter: 44, took 0.081543
Iter: 45, took 0.082355
[Valid AUC = 0.874871], Test AUC = 0.878900, Test Std = 0.250558
Iter: 46, took 0.088731
Iter: 47, took 0.081579
Iter: 48, took 0.081220
Iter: 49, took 0.080762
Iter: 50, took 0.081000
[Valid AUC = 0.875032], Test AUC = 0.878905, Test Std = 0.251287
Iter: 51, took 0.088403
Iter: 52, took 0.081919
Iter: 53, took 0.081719
Iter: 54, took 0.080531
Iter: 55, took 0.081116
[Valid AUC = 0.874921], Test AUC = 0.878834, Test Std = 0.252082
Iter: 56, took 0.090609
Iter: 57, took 0.084387
Iter: 58, took 0.084538
Iter: 59, took 0.084562
Iter: 60, took 0.083973
[Valid AUC = 0.874812], Test AUC = 0.878759, Test Std = 0.252878
Iter: 61, took 0.091883
Iter: 62, took 0.083999
Iter: 63, took 0.085158
Iter: 64, took 0.083633
Iter: 65, took 0.084627
[Valid AUC = 0.874697], Test AUC = 0.878679, Test Std = 0.253554
Iter: 66, took 0.090389
Iter: 67, took 0.084896
Iter: 68, took 0.084280
Iter: 69, took 0.083841
Iter: 70, took 0.084418
[Valid AUC = 0.874583], Test AUC = 0.878607, Test Std = 0.254185
Iter: 71, took 0.087172
Iter: 72, took 0.080515
Iter: 73, took 0.081954
Iter: 74, took 0.081670
Iter: 75, took 0.081309
[Valid AUC = 0.874386], Test AUC = 0.878476, Test Std = 0.254839
Iter: 76, took 0.090118
Iter: 77, took 0.085006
Iter: 78, took 0.083791
Iter: 79, took 0.085131
Iter: 80, took 0.084770
[Valid AUC = 0.874199], Test AUC = 0.878267, Test Std = 0.255413
Iter: 81, took 0.090040
Iter: 82, took 0.084675
Iter: 83, took 0.085387
Iter: 84, took 0.084423
Iter: 85, took 0.084464
[Valid AUC = 0.874064], Test AUC = 0.878083, Test Std = 0.255918
Iter: 86, took 0.090988
Iter: 87, took 0.085227
Iter: 88, took 0.084031
Iter: 89, took 0.084182
Iter: 90, took 0.084454
[Valid AUC = 0.873948], Test AUC = 0.878018, Test Std = 0.256363
Iter: 91, took 0.083601
Iter: 92, took 0.077203
Iter: 93, took 0.076953
Iter: 94, took 0.077706
Iter: 95, took 0.077562
[Valid AUC = 0.873795], Test AUC = 0.877913, Test Std = 0.256855
Iter: 96, took 0.084096
Iter: 97, took 0.076940
Iter: 98, took 0.078048
Iter: 99, took 0.076824
Iter: 100, took 0.078358
[Valid AUC = 0.873708], Test AUC = 0.877812, Test Std = 0.257207
Iter: 101, took 0.085360
Iter: 102, took 0.078432
Iter: 103, took 0.078483
Iter: 104, took 0.078783
Iter: 105, took 0.078078
[Valid AUC = 0.873607], Test AUC = 0.877675, Test Std = 0.257466
Overfitted. Exiting... 


 <<< BPR-MF >>> Test AUC = 0.878899, Test Std = 0.249433
Best Iteration = 50, Val AUC = 0.875000

}
