{
  "corpus": "../data/epinions/epinions_timestamp_5.txt",
  "trusts": "../data/epinions/epinions_trust_5.txt",
  Loading votes from ../data/epinions/epinions_timestamp_5.txt, userMin = 4, itemMin = 0  .
  "nUsers": 75961
.

  Generating votes data 
  Loading trusts from ../data/epinions/epinions_trust_5.txt  . 
  "nTrusts": 14886

  "nUsers": 4299, "nItems": 13531, "nVotes": 20547

<<< FPMC__K_20_lambda_0.0100_biasReg_1.0000 >>>

Iter: 1, took 0.028547
Iter: 2, took 0.024603
Iter: 3, took 0.026104
Iter: 4, took 0.019970
Iter: 5, took 0.034161
[Valid AUC = 0.473758], Test AUC = 0.459545, Test Std = 0.282924
Iter: 6, took 0.048274
Iter: 7, took 0.035003
Iter: 8, took 0.045984
Iter: 9, took 0.020926
Iter: 10, took 0.014377
[Valid AUC = 0.502214], Test AUC = 0.491102, Test Std = 0.276650
Iter: 11, took 0.021710
Iter: 12, took 0.013981
Iter: 13, took 0.014462
Iter: 14, took 0.019206
Iter: 15, took 0.018797
[Valid AUC = 0.507786], Test AUC = 0.498416, Test Std = 0.274150
Iter: 16, took 0.059910
Iter: 17, took 0.018902
Iter: 18, took 0.015642
Iter: 19, took 0.014895
Iter: 20, took 0.014930
[Valid AUC = 0.508760], Test AUC = 0.500408, Test Std = 0.272673
Iter: 21, took 0.022403
Iter: 22, took 0.015055
Iter: 23, took 0.016658
Iter: 24, took 0.016363
Iter: 25, took 0.016345
[Valid AUC = 0.509115], Test AUC = 0.500456, Test Std = 0.271417
Iter: 26, took 0.027914
Iter: 27, took 0.015009
Iter: 28, took 0.015852
Iter: 29, took 0.017480
Iter: 30, took 0.018424
[Valid AUC = 0.509266], Test AUC = 0.500933, Test Std = 0.270782
Iter: 31, took 0.053444
Iter: 32, took 0.055161
Iter: 33, took 0.022712
Iter: 34, took 0.052958
Iter: 35, took 0.031537
[Valid AUC = 0.509188], Test AUC = 0.501235, Test Std = 0.270206
Iter: 36, took 0.053598
Iter: 37, took 0.058489
Iter: 38, took 0.051452
Iter: 39, took 0.048403
Iter: 40, took 0.049520
[Valid AUC = 0.508974], Test AUC = 0.501669, Test Std = 0.269841
Iter: 41, took 0.023869
Iter: 42, took 0.017442
Iter: 43, took 0.016114
Iter: 44, took 0.016079
Iter: 45, took 0.016366
[Valid AUC = 0.508863], Test AUC = 0.501790, Test Std = 0.269755
Iter: 46, took 0.021718
Iter: 47, took 0.016539
Iter: 48, took 0.015140
Iter: 49, took 0.015222
Iter: 50, took 0.015007
[Valid AUC = 0.509394], Test AUC = 0.501900, Test Std = 0.269406
Iter: 51, took 0.021196
Iter: 52, took 0.015345
Iter: 53, took 0.015382
Iter: 54, took 0.015473
Iter: 55, took 0.015420
[Valid AUC = 0.509478], Test AUC = 0.502007, Test Std = 0.268864
Iter: 56, took 0.031720
Iter: 57, took 0.023569
Iter: 58, took 0.022752
Iter: 59, took 0.018210
Iter: 60, took 0.022857
[Valid AUC = 0.509658], Test AUC = 0.501878, Test Std = 0.268637
Iter: 61, took 0.022928
Iter: 62, took 0.015138
Iter: 63, took 0.015430
Iter: 64, took 0.015903
Iter: 65, took 0.015638
[Valid AUC = 0.509508], Test AUC = 0.502105, Test Std = 0.268339
Iter: 66, took 0.024559
Iter: 67, took 0.018094
Iter: 68, took 0.015772
Iter: 69, took 0.016463
Iter: 70, took 0.016231
[Valid AUC = 0.509703], Test AUC = 0.502442, Test Std = 0.268072
Iter: 71, took 0.024844
Iter: 72, took 0.015363
Iter: 73, took 0.015533
Iter: 74, took 0.019056
Iter: 75, took 0.017452
[Valid AUC = 0.509696], Test AUC = 0.502440, Test Std = 0.267737
Iter: 76, took 0.022724
Iter: 77, took 0.014606
Iter: 78, took 0.015226
Iter: 79, took 0.015021
Iter: 80, took 0.015284
[Valid AUC = 0.509928], Test AUC = 0.502865, Test Std = 0.267304
Iter: 81, took 0.023148
Iter: 82, took 0.014445
Iter: 83, took 0.014898
Iter: 84, took 0.014957
Iter: 85, took 0.014856
[Valid AUC = 0.509751], Test AUC = 0.502433, Test Std = 0.266867
Iter: 86, took 0.023585
Iter: 87, took 0.015919
Iter: 88, took 0.014972
Iter: 89, took 0.014804
Iter: 90, took 0.014822
[Valid AUC = 0.509938], Test AUC = 0.502453, Test Std = 0.266859
Iter: 91, took 0.024377
Iter: 92, took 0.016193
Iter: 93, took 0.017167
Iter: 94, took 0.015154
Iter: 95, took 0.016432
[Valid AUC = 0.509858], Test AUC = 0.502432, Test Std = 0.266600
Iter: 96, took 0.031078
Iter: 97, took 0.026319
Iter: 98, took 0.050616
Iter: 99, took 0.032155
Iter: 100, took 0.017693
[Valid AUC = 0.509711], Test AUC = 0.502565, Test Std = 0.266555
Iter: 101, took 0.024775
Iter: 102, took 0.025397
Iter: 103, took 0.020054
Iter: 104, took 0.031134
Iter: 105, took 0.032751
[Valid AUC = 0.509895], Test AUC = 0.503049, Test Std = 0.266550
Iter: 106, took 0.023152
Iter: 107, took 0.014487
Iter: 108, took 0.015488
Iter: 109, took 0.014466
Iter: 110, took 0.014652
[Valid AUC = 0.509617], Test AUC = 0.503088, Test Std = 0.266147
Iter: 111, took 0.023086
Iter: 112, took 0.015839
Iter: 113, took 0.016629
Iter: 114, took 0.015926
Iter: 115, took 0.019445
[Valid AUC = 0.509625], Test AUC = 0.503155, Test Std = 0.265953
Iter: 116, took 0.021978
Iter: 117, took 0.017228
Iter: 118, took 0.019527
Iter: 119, took 0.015594
Iter: 120, took 0.015379
[Valid AUC = 0.509468], Test AUC = 0.503169, Test Std = 0.265622
Iter: 121, took 0.021378
Iter: 122, took 0.014452
Iter: 123, took 0.015103
Iter: 124, took 0.015429
Iter: 125, took 0.015104
[Valid AUC = 0.509871], Test AUC = 0.503206, Test Std = 0.265336
Iter: 126, took 0.020951
Iter: 127, took 0.015709
Iter: 128, took 0.015381
Iter: 129, took 0.014823
Iter: 130, took 0.015031
[Valid AUC = 0.510252], Test AUC = 0.502847, Test Std = 0.265189
Iter: 131, took 0.024518
Iter: 132, took 0.013744
Iter: 133, took 0.014490
Iter: 134, took 0.014223
Iter: 135, took 0.016949
[Valid AUC = 0.510188], Test AUC = 0.503128, Test Std = 0.265027
Iter: 136, took 0.022690
Iter: 137, took 0.015899
Iter: 138, took 0.015246
Iter: 139, took 0.015544
Iter: 140, took 0.014733
[Valid AUC = 0.509998], Test AUC = 0.503029, Test Std = 0.264760
Iter: 141, took 0.023026
Iter: 142, took 0.016866
Iter: 143, took 0.015552
Iter: 144, took 0.016117
Iter: 145, took 0.016261
[Valid AUC = 0.510244], Test AUC = 0.503203, Test Std = 0.264277
Iter: 146, took 0.028265
Iter: 147, took 0.021584
Iter: 148, took 0.086969
Iter: 149, took 0.060426
Iter: 150, took 0.027108
[Valid AUC = 0.510047], Test AUC = 0.503468, Test Std = 0.264356
Iter: 151, took 0.024018
Iter: 152, took 0.017699
Iter: 153, took 0.013777
Iter: 154, took 0.014079
Iter: 155, took 0.015835
[Valid AUC = 0.509803], Test AUC = 0.502759, Test Std = 0.264178
Iter: 156, took 0.059392
Iter: 157, took 0.063077
Iter: 158, took 0.077877
Iter: 159, took 0.034054
Iter: 160, took 0.022845
[Valid AUC = 0.510587], Test AUC = 0.503003, Test Std = 0.264309
Iter: 161, took 0.026323
Iter: 162, took 0.020422
Iter: 163, took 0.020535
Iter: 164, took 0.016304
Iter: 165, took 0.030312
[Valid AUC = 0.509800], Test AUC = 0.503195, Test Std = 0.264201
Iter: 166, took 0.022983
Iter: 167, took 0.014952
Iter: 168, took 0.018157
Iter: 169, took 0.014694
Iter: 170, took 0.015476
[Valid AUC = 0.509162], Test AUC = 0.503368, Test Std = 0.263830
Iter: 171, took 0.024746
Iter: 172, took 0.020919
Iter: 173, took 0.021556
Iter: 174, took 0.020235
Iter: 175, took 0.014984
[Valid AUC = 0.509460], Test AUC = 0.503016, Test Std = 0.263822
Iter: 176, took 0.025920
Iter: 177, took 0.017043
Iter: 178, took 0.016321
Iter: 179, took 0.019693
Iter: 180, took 0.019869
[Valid AUC = 0.509108], Test AUC = 0.503076, Test Std = 0.263735
Iter: 181, took 0.043695
Iter: 182, took 0.025113
Iter: 183, took 0.020363
Iter: 184, took 0.025907
Iter: 185, took 0.020606
[Valid AUC = 0.509066], Test AUC = 0.503028, Test Std = 0.263439
Iter: 186, took 0.025145
Iter: 187, took 0.018618
Iter: 188, took 0.027770
Iter: 189, took 0.017258
Iter: 190, took 0.015985
[Valid AUC = 0.508919], Test AUC = 0.503517, Test Std = 0.263471
Iter: 191, took 0.022646
Iter: 192, took 0.015988
Iter: 193, took 0.015252
Iter: 194, took 0.018631
Iter: 195, took 0.017915
[Valid AUC = 0.508856], Test AUC = 0.503518, Test Std = 0.263245
Iter: 196, took 0.025497
Iter: 197, took 0.019140
Iter: 198, took 0.019543
Iter: 199, took 0.019161
Iter: 200, took 0.015229
[Valid AUC = 0.508430], Test AUC = 0.502811, Test Std = 0.263276
Iter: 201, took 0.026964
Iter: 202, took 0.026114
Iter: 203, took 0.020663
Iter: 204, took 0.033267
Iter: 205, took 0.028378
[Valid AUC = 0.509095], Test AUC = 0.502624, Test Std = 0.263127
Iter: 206, took 0.027953
Iter: 207, took 0.017445
Iter: 208, took 0.017231
Iter: 209, took 0.019191
Iter: 210, took 0.023177
[Valid AUC = 0.508834], Test AUC = 0.502994, Test Std = 0.262435
Iter: 211, took 0.029138
Iter: 212, took 0.020850
Iter: 213, took 0.016646
Iter: 214, took 0.018590
Iter: 215, took 0.019886
[Valid AUC = 0.508997], Test AUC = 0.502837, Test Std = 0.262390
Overfitted. Exiting... 


 <<< FPMC >>> Test AUC = 0.503011, Test Std = 0.262242
Best Iteration = 160, Val AUC = 0.510549

}
