{
  "corpus": "../data/ciao_with_rating_timestamp_txt/rating_with_timestamp_timestamp_5.txt",
  "trusts": "../data/ciao_with_rating_timestamp_txt/trust_trust_5.txt",
  Loading votes from ../data/ciao_with_rating_timestamp_txt/rating_with_timestamp_timestamp_5.txt, userMin = 4, itemMin = 0  
  "nUsers": 2219


  Generating votes data 
  Loading trusts from ../data/ciao_with_rating_timestamp_txt/trust_trust_5.txt   
  "nTrusts": 25134

  "nUsers": 1415, "nItems": 4881, "nVotes": 6973

<<< GBPR__K_20_lambda_0.0100_biasReg_1.0000 >>>

Iter: 1, took 0.011004
Iter: 2, took 0.010964
Iter: 3, took 0.010955
Iter: 4, took 0.011074
Iter: 5, took 0.011248
[Valid AUC = 0.430795], Test AUC = 0.422321, Test Std = 0.295010
Iter: 6, took 0.012444
Iter: 7, took 0.011239
Iter: 8, took 0.011180
Iter: 9, took 0.011041
Iter: 10, took 0.010952
[Valid AUC = 0.432917], Test AUC = 0.423928, Test Std = 0.290316
Iter: 11, took 0.013086
Iter: 12, took 0.010962
Iter: 13, took 0.011194
Iter: 14, took 0.011226
Iter: 15, took 0.011008
[Valid AUC = 0.439805], Test AUC = 0.430609, Test Std = 0.290721
Iter: 16, took 0.013219
Iter: 17, took 0.011151
Iter: 18, took 0.011115
Iter: 19, took 0.011478
Iter: 20, took 0.011031
[Valid AUC = 0.443127], Test AUC = 0.434489, Test Std = 0.286576
Iter: 21, took 0.013155
Iter: 22, took 0.011211
Iter: 23, took 0.011225
Iter: 24, took 0.011035
Iter: 25, took 0.010963
[Valid AUC = 0.448157], Test AUC = 0.441121, Test Std = 0.285309
Iter: 26, took 0.013514
Iter: 27, took 0.011403
Iter: 28, took 0.011558
Iter: 29, took 0.011283
Iter: 30, took 0.011286
[Valid AUC = 0.451431], Test AUC = 0.446398, Test Std = 0.283143
Iter: 31, took 0.013178
Iter: 32, took 0.011225
Iter: 33, took 0.010884
Iter: 34, took 0.010887
Iter: 35, took 0.011066
[Valid AUC = 0.455725], Test AUC = 0.450139, Test Std = 0.283371
Iter: 36, took 0.009447
Iter: 37, took 0.007683
Iter: 38, took 0.007598
Iter: 39, took 0.007649
Iter: 40, took 0.007611
[Valid AUC = 0.458220], Test AUC = 0.454206, Test Std = 0.281367
Iter: 41, took 0.009439
Iter: 42, took 0.007929
Iter: 43, took 0.007882
Iter: 44, took 0.007427
Iter: 45, took 0.007617
[Valid AUC = 0.462606], Test AUC = 0.458154, Test Std = 0.280373
Iter: 46, took 0.009327
Iter: 47, took 0.007625
Iter: 48, took 0.006722
Iter: 49, took 0.005980
Iter: 50, took 0.007918
[Valid AUC = 0.466143], Test AUC = 0.460731, Test Std = 0.279801
Iter: 51, took 0.009327
Iter: 52, took 0.007710
Iter: 53, took 0.007580
Iter: 54, took 0.007699
Iter: 55, took 0.007878
[Valid AUC = 0.468349], Test AUC = 0.463748, Test Std = 0.277875
Iter: 56, took 0.009516
Iter: 57, took 0.007965
Iter: 58, took 0.007962
Iter: 59, took 0.008101
Iter: 60, took 0.008005
[Valid AUC = 0.470607], Test AUC = 0.468026, Test Std = 0.276019
Iter: 61, took 0.009383
Iter: 62, took 0.007923
Iter: 63, took 0.007648
Iter: 64, took 0.007884
Iter: 65, took 0.007777
[Valid AUC = 0.472765], Test AUC = 0.471061, Test Std = 0.274627
Iter: 66, took 0.009927
Iter: 67, took 0.008205
Iter: 68, took 0.008039
Iter: 69, took 0.008197
Iter: 70, took 0.008152
[Valid AUC = 0.475485], Test AUC = 0.473595, Test Std = 0.273852
Iter: 71, took 0.010950
Iter: 72, took 0.009054
Iter: 73, took 0.008844
Iter: 74, took 0.009030
Iter: 75, took 0.009072
[Valid AUC = 0.478377], Test AUC = 0.476696, Test Std = 0.271900
Iter: 76, took 0.009800
Iter: 77, took 0.007826
Iter: 78, took 0.008116
Iter: 79, took 0.008222
Iter: 80, took 0.008101
[Valid AUC = 0.480450], Test AUC = 0.478381, Test Std = 0.270749
Iter: 81, took 0.007770
Iter: 82, took 0.007182
Iter: 83, took 0.007685
Iter: 84, took 0.007760
Iter: 85, took 0.007786
[Valid AUC = 0.483428], Test AUC = 0.480432, Test Std = 0.270664
Iter: 86, took 0.008498
Iter: 87, took 0.005240
Iter: 88, took 0.006879
Iter: 89, took 0.007783
Iter: 90, took 0.007739
[Valid AUC = 0.484731], Test AUC = 0.482206, Test Std = 0.270249
Iter: 91, took 0.006003
Iter: 92, took 0.006679
Iter: 93, took 0.007550
Iter: 94, took 0.007774
Iter: 95, took 0.007666
[Valid AUC = 0.486930], Test AUC = 0.484591, Test Std = 0.268880
Iter: 96, took 0.009456
Iter: 97, took 0.007813
Iter: 98, took 0.007804
Iter: 99, took 0.007758
Iter: 100, took 0.007599
[Valid AUC = 0.488006], Test AUC = 0.486341, Test Std = 0.268414
Iter: 101, took 0.010207
Iter: 102, took 0.006586
Iter: 103, took 0.005078
Iter: 104, took 0.004706
Iter: 105, took 0.004842
[Valid AUC = 0.489895], Test AUC = 0.486821, Test Std = 0.266973
Iter: 106, took 0.010055
Iter: 107, took 0.008272
Iter: 108, took 0.008278
Iter: 109, took 0.008325
Iter: 110, took 0.008336
[Valid AUC = 0.490719], Test AUC = 0.488065, Test Std = 0.265953
Iter: 111, took 0.009442
Iter: 112, took 0.007878
Iter: 113, took 0.007862
Iter: 114, took 0.007556
Iter: 115, took 0.007885
[Valid AUC = 0.491583], Test AUC = 0.489575, Test Std = 0.264876
Iter: 116, took 0.010012
Iter: 117, took 0.008068
Iter: 118, took 0.008139
Iter: 119, took 0.007870
Iter: 120, took 0.008120
[Valid AUC = 0.492714], Test AUC = 0.489910, Test Std = 0.263704
Iter: 121, took 0.008340
Iter: 122, took 0.008257
Iter: 123, took 0.008033
Iter: 124, took 0.008224
Iter: 125, took 0.008147
[Valid AUC = 0.494077], Test AUC = 0.491144, Test Std = 0.262265
Iter: 126, took 0.009821
Iter: 127, took 0.008075
Iter: 128, took 0.008221
Iter: 129, took 0.008139
Iter: 130, took 0.008099
[Valid AUC = 0.494214], Test AUC = 0.491208, Test Std = 0.261146
Iter: 131, took 0.009473
Iter: 132, took 0.007625
Iter: 133, took 0.007819
Iter: 134, took 0.007927
Iter: 135, took 0.007777
[Valid AUC = 0.495301], Test AUC = 0.492697, Test Std = 0.260688
Iter: 136, took 0.009496
Iter: 137, took 0.007968
Iter: 138, took 0.008004
Iter: 139, took 0.007657
Iter: 140, took 0.007848
[Valid AUC = 0.496856], Test AUC = 0.493741, Test Std = 0.259992
Iter: 141, took 0.009341
Iter: 142, took 0.007844
Iter: 143, took 0.007854
Iter: 144, took 0.007739
Iter: 145, took 0.007587
[Valid AUC = 0.497329], Test AUC = 0.495213, Test Std = 0.258584
Iter: 146, took 0.009908
Iter: 147, took 0.008270
Iter: 148, took 0.008229
Iter: 149, took 0.008113
Iter: 150, took 0.007912
[Valid AUC = 0.497492], Test AUC = 0.497055, Test Std = 0.258604
Iter: 151, took 0.009998
Iter: 152, took 0.008173
Iter: 153, took 0.008358
Iter: 154, took 0.008194
Iter: 155, took 0.008003
[Valid AUC = 0.498316], Test AUC = 0.497686, Test Std = 0.257675
Iter: 156, took 0.009976
Iter: 157, took 0.007940
Iter: 158, took 0.008130
Iter: 159, took 0.008126
Iter: 160, took 0.006819
[Valid AUC = 0.498744], Test AUC = 0.498041, Test Std = 0.257115
Iter: 161, took 0.010111
Iter: 162, took 0.008107
Iter: 163, took 0.008021
Iter: 164, took 0.008194
Iter: 165, took 0.008236
[Valid AUC = 0.499884], Test AUC = 0.498231, Test Std = 0.256213
Iter: 166, took 0.009850
Iter: 167, took 0.007891
Iter: 168, took 0.008266
Iter: 169, took 0.008023
Iter: 170, took 0.008115
[Valid AUC = 0.500336], Test AUC = 0.498483, Test Std = 0.255191
Iter: 171, took 0.009861
Iter: 172, took 0.008289
Iter: 173, took 0.008103
Iter: 174, took 0.008094
Iter: 175, took 0.008190
[Valid AUC = 0.500787], Test AUC = 0.499258, Test Std = 0.254703
Iter: 176, took 0.010931
Iter: 177, took 0.009044
Iter: 178, took 0.009269
Iter: 179, took 0.008975
Iter: 180, took 0.008924
[Valid AUC = 0.501484], Test AUC = 0.499780, Test Std = 0.253764
Iter: 181, took 0.011318
Iter: 182, took 0.008998
Iter: 183, took 0.009125
Iter: 184, took 0.009048
Iter: 185, took 0.009117
[Valid AUC = 0.502156], Test AUC = 0.500970, Test Std = 0.252881
Iter: 186, took 0.011186
Iter: 187, took 0.009127
Iter: 188, took 0.009021
Iter: 189, took 0.008997
Iter: 190, took 0.008952
[Valid AUC = 0.503062], Test AUC = 0.501453, Test Std = 0.252196
Iter: 191, took 0.010951
Iter: 192, took 0.009017
Iter: 193, took 0.008957
Iter: 194, took 0.008941
Iter: 195, took 0.009034
[Valid AUC = 0.503932], Test AUC = 0.501482, Test Std = 0.251987
Iter: 196, took 0.010993
Iter: 197, took 0.008947
Iter: 198, took 0.008720
Iter: 199, took 0.009072
Iter: 200, took 0.009061
[Valid AUC = 0.504784], Test AUC = 0.502031, Test Std = 0.251518
Iter: 201, took 0.009792
Iter: 202, took 0.008269
Iter: 203, took 0.008131
Iter: 204, took 0.008251
Iter: 205, took 0.007878
[Valid AUC = 0.504468], Test AUC = 0.502989, Test Std = 0.250855
Iter: 206, took 0.010804
Iter: 207, took 0.009084
Iter: 208, took 0.009053
Iter: 209, took 0.009028
Iter: 210, took 0.008963
[Valid AUC = 0.505542], Test AUC = 0.503536, Test Std = 0.250198
Iter: 211, took 0.011303
Iter: 212, took 0.008883
Iter: 213, took 0.009099
Iter: 214, took 0.008866
Iter: 215, took 0.009026
[Valid AUC = 0.505893], Test AUC = 0.503463, Test Std = 0.249949
Iter: 216, took 0.011051
Iter: 217, took 0.009132
Iter: 218, took 0.009110
Iter: 219, took 0.009027
Iter: 220, took 0.009013
[Valid AUC = 0.507340], Test AUC = 0.504096, Test Std = 0.248667
Iter: 221, took 0.011020
Iter: 222, took 0.009092
Iter: 223, took 0.009071
Iter: 224, took 0.009129
Iter: 225, took 0.009172
[Valid AUC = 0.507233], Test AUC = 0.503075, Test Std = 0.247887
Iter: 226, took 0.010958
Iter: 227, took 0.009032
Iter: 228, took 0.009106
Iter: 229, took 0.009089
Iter: 230, took 0.009094
[Valid AUC = 0.508767], Test AUC = 0.503817, Test Std = 0.248377
Iter: 231, took 0.009581
Iter: 232, took 0.008034
Iter: 233, took 0.007983
Iter: 234, took 0.007999
Iter: 235, took 0.007970
[Valid AUC = 0.509642], Test AUC = 0.503795, Test Std = 0.247801
Iter: 236, took 0.015003
Iter: 237, took 0.012638
Iter: 238, took 0.012585
Iter: 239, took 0.012520
Iter: 240, took 0.012550
[Valid AUC = 0.511470], Test AUC = 0.505110, Test Std = 0.247050
Iter: 241, took 0.006441
Iter: 242, took 0.005337
Iter: 243, took 0.005225
Iter: 244, took 0.005270
Iter: 245, took 0.005176
[Valid AUC = 0.510504], Test AUC = 0.504435, Test Std = 0.246678
Iter: 246, took 0.006179
Iter: 247, took 0.005221
Iter: 248, took 0.005244
Iter: 249, took 0.005279
Iter: 250, took 0.005212
[Valid AUC = 0.510684], Test AUC = 0.504210, Test Std = 0.245703
Iter: 251, took 0.006357
Iter: 252, took 0.005252
Iter: 253, took 0.005392
Iter: 254, took 0.005206
Iter: 255, took 0.005193
[Valid AUC = 0.510370], Test AUC = 0.504176, Test Std = 0.245474
Iter: 256, took 0.006466
Iter: 257, took 0.005113
Iter: 258, took 0.005074
Iter: 259, took 0.004946
Iter: 260, took 0.005116
[Valid AUC = 0.510267], Test AUC = 0.503670, Test Std = 0.245302
Iter: 261, took 0.004795
Iter: 262, took 0.003159
Iter: 263, took 0.002866
Iter: 264, took 0.002865
Iter: 265, took 0.002771
[Valid AUC = 0.511028], Test AUC = 0.504843, Test Std = 0.245411
Iter: 266, took 0.005081
Iter: 267, took 0.003656
Iter: 268, took 0.003218
Iter: 269, took 0.003125
Iter: 270, took 0.003005
[Valid AUC = 0.511045], Test AUC = 0.505427, Test Std = 0.244486
Iter: 271, took 0.005073
Iter: 272, took 0.003583
Iter: 273, took 0.003183
Iter: 274, took 0.003016
Iter: 275, took 0.003069
[Valid AUC = 0.511676], Test AUC = 0.505718, Test Std = 0.244582
Iter: 276, took 0.004680
Iter: 277, took 0.003172
Iter: 278, took 0.002938
Iter: 279, took 0.002945
Iter: 280, took 0.002867
[Valid AUC = 0.512675], Test AUC = 0.506038, Test Std = 0.244539
Iter: 281, took 0.005017
Iter: 282, took 0.003592
Iter: 283, took 0.003096
Iter: 284, took 0.002960
Iter: 285, took 0.002954
[Valid AUC = 0.512722], Test AUC = 0.506063, Test Std = 0.243934
Iter: 286, took 0.005002
Iter: 287, took 0.003407
Iter: 288, took 0.003186
Iter: 289, took 0.003069
Iter: 290, took 0.002979
[Valid AUC = 0.513768], Test AUC = 0.506311, Test Std = 0.243173
Iter: 291, took 0.004757
Iter: 292, took 0.003316
Iter: 293, took 0.003137
Iter: 294, took 0.002956
Iter: 295, took 0.002891
[Valid AUC = 0.514005], Test AUC = 0.506296, Test Std = 0.241989
Iter: 296, took 0.004802
Iter: 297, took 0.003375
Iter: 298, took 0.003151
Iter: 299, took 0.002952
Iter: 300, took 0.002894
[Valid AUC = 0.514309], Test AUC = 0.506285, Test Std = 0.242026
Iter: 301, took 0.004749
Iter: 302, took 0.003244
Iter: 303, took 0.002990
Iter: 304, took 0.003011
Iter: 305, took 0.002855
[Valid AUC = 0.514056], Test AUC = 0.506114, Test Std = 0.242132
Iter: 306, took 0.004777
Iter: 307, took 0.003353
Iter: 308, took 0.003008
Iter: 309, took 0.002942
Iter: 310, took 0.002969
[Valid AUC = 0.514591], Test AUC = 0.507183, Test Std = 0.241893
Iter: 311, took 0.004776
Iter: 312, took 0.003366
Iter: 313, took 0.003035
Iter: 314, took 0.002955
Iter: 315, took 0.002944
[Valid AUC = 0.513751], Test AUC = 0.506810, Test Std = 0.241876
Iter: 316, took 0.004851
Iter: 317, took 0.003199
Iter: 318, took 0.002942
Iter: 319, took 0.003009
Iter: 320, took 0.002806
[Valid AUC = 0.514001], Test AUC = 0.506271, Test Std = 0.241582
Iter: 321, took 0.004982
Iter: 322, took 0.003389
Iter: 323, took 0.003028
Iter: 324, took 0.003016
Iter: 325, took 0.002866
[Valid AUC = 0.514268], Test AUC = 0.506379, Test Std = 0.241766
Iter: 326, took 0.004943
Iter: 327, took 0.003563
Iter: 328, took 0.003195
Iter: 329, took 0.003027
Iter: 330, took 0.003051
[Valid AUC = 0.514498], Test AUC = 0.507222, Test Std = 0.241626
Iter: 331, took 0.005593
Iter: 332, took 0.003751
Iter: 333, took 0.003294
Iter: 334, took 0.003107
Iter: 335, took 0.002966
[Valid AUC = 0.514415], Test AUC = 0.506520, Test Std = 0.241349
Iter: 336, took 0.005074
Iter: 337, took 0.003525
Iter: 338, took 0.003403
Iter: 339, took 0.003180
Iter: 340, took 0.003114
[Valid AUC = 0.515183], Test AUC = 0.507303, Test Std = 0.241327
Iter: 341, took 0.005140
Iter: 342, took 0.003759
Iter: 343, took 0.003404
Iter: 344, took 0.003304
Iter: 345, took 0.003290
[Valid AUC = 0.516308], Test AUC = 0.506725, Test Std = 0.240939
Iter: 346, took 0.005725
Iter: 347, took 0.006445
Iter: 348, took 0.006529
Iter: 349, took 0.006851
Iter: 350, took 0.006449
[Valid AUC = 0.516657], Test AUC = 0.507190, Test Std = 0.240540
Iter: 351, took 0.007605
Iter: 352, took 0.006380
Iter: 353, took 0.006359
Iter: 354, took 0.006296
Iter: 355, took 0.006301
[Valid AUC = 0.516312], Test AUC = 0.507517, Test Std = 0.239931
Iter: 356, took 0.007997
Iter: 357, took 0.006623
Iter: 358, took 0.006565
Iter: 359, took 0.006559
Iter: 360, took 0.006726
[Valid AUC = 0.516594], Test AUC = 0.508388, Test Std = 0.240241
Iter: 361, took 0.007931
Iter: 362, took 0.005892
Iter: 363, took 0.006138
Iter: 364, took 0.006368
Iter: 365, took 0.006937
[Valid AUC = 0.515742], Test AUC = 0.508900, Test Std = 0.239751
Iter: 366, took 0.007465
Iter: 367, took 0.005745
Iter: 368, took 0.005474
Iter: 369, took 0.006042
Iter: 370, took 0.006143
[Valid AUC = 0.515452], Test AUC = 0.509760, Test Std = 0.240371
Iter: 371, took 0.007568
Iter: 372, took 0.006254
Iter: 373, took 0.006255
Iter: 374, took 0.006334
Iter: 375, took 0.006213
[Valid AUC = 0.514438], Test AUC = 0.510230, Test Std = 0.240366
Iter: 376, took 0.007541
Iter: 377, took 0.005662
Iter: 378, took 0.005127
Iter: 379, took 0.005499
Iter: 380, took 0.005890
[Valid AUC = 0.515221], Test AUC = 0.509790, Test Std = 0.240198
Iter: 381, took 0.007554
Iter: 382, took 0.006047
Iter: 383, took 0.006058
Iter: 384, took 0.006026
Iter: 385, took 0.005891
[Valid AUC = 0.515392], Test AUC = 0.509097, Test Std = 0.239980
Iter: 386, took 0.007254
Iter: 387, took 0.005817
Iter: 388, took 0.005975
Iter: 389, took 0.006071
Iter: 390, took 0.005949
[Valid AUC = 0.516476], Test AUC = 0.509673, Test Std = 0.239726
Iter: 391, took 0.007507
Iter: 392, took 0.006244
Iter: 393, took 0.006006
Iter: 394, took 0.006095
Iter: 395, took 0.006039
[Valid AUC = 0.516654], Test AUC = 0.509752, Test Std = 0.239172
Iter: 396, took 0.007474
Iter: 397, took 0.006061
Iter: 398, took 0.005982
Iter: 399, took 0.006028
Iter: 400, took 0.006077
[Valid AUC = 0.516756], Test AUC = 0.509654, Test Std = 0.239280
Iter: 401, took 0.007418
Iter: 402, took 0.005490
Iter: 403, took 0.005712
Iter: 404, took 0.006012
Iter: 405, took 0.006001
[Valid AUC = 0.517540], Test AUC = 0.509817, Test Std = 0.239055
Iter: 406, took 0.006588
Iter: 407, took 0.005526
Iter: 408, took 0.005602
Iter: 409, took 0.005835
Iter: 410, took 0.005740
[Valid AUC = 0.516654], Test AUC = 0.509290, Test Std = 0.238954
Iter: 411, took 0.007552
Iter: 412, took 0.006183
Iter: 413, took 0.006593
Iter: 414, took 0.006439
Iter: 415, took 0.006352
[Valid AUC = 0.517664], Test AUC = 0.508711, Test Std = 0.238770
Iter: 416, took 0.007388
Iter: 417, took 0.006122
Iter: 418, took 0.006052
Iter: 419, took 0.006028
Iter: 420, took 0.005808
[Valid AUC = 0.518422], Test AUC = 0.507763, Test Std = 0.238664
Iter: 421, took 0.007328
Iter: 422, took 0.006028
Iter: 423, took 0.005976
Iter: 424, took 0.005916
Iter: 425, took 0.005938
[Valid AUC = 0.519215], Test AUC = 0.508493, Test Std = 0.238896
Iter: 426, took 0.007594
Iter: 427, took 0.006184
Iter: 428, took 0.006192
Iter: 429, took 0.006157
Iter: 430, took 0.006184
[Valid AUC = 0.519594], Test AUC = 0.507940, Test Std = 0.238290
Iter: 431, took 0.007331
Iter: 432, took 0.005972
Iter: 433, took 0.005931
Iter: 434, took 0.005925
Iter: 435, took 0.005925
[Valid AUC = 0.518796], Test AUC = 0.508662, Test Std = 0.238568
Iter: 436, took 0.007584
Iter: 437, took 0.006285
Iter: 438, took 0.006301
Iter: 439, took 0.006165
Iter: 440, took 0.006163
[Valid AUC = 0.517991], Test AUC = 0.508536, Test Std = 0.238407
Iter: 441, took 0.007829
Iter: 442, took 0.005594
Iter: 443, took 0.005490
Iter: 444, took 0.005517
Iter: 445, took 0.005544
[Valid AUC = 0.518637], Test AUC = 0.507858, Test Std = 0.238574
Iter: 446, took 0.007051
Iter: 447, took 0.005632
Iter: 448, took 0.005516
Iter: 449, took 0.005836
Iter: 450, took 0.006053
[Valid AUC = 0.518656], Test AUC = 0.508265, Test Std = 0.238451
Iter: 451, took 0.008629
Iter: 452, took 0.006716
Iter: 453, took 0.005667
Iter: 454, took 0.005313
Iter: 455, took 0.005762
[Valid AUC = 0.518525], Test AUC = 0.508894, Test Std = 0.237914
Iter: 456, took 0.007349
Iter: 457, took 0.005992
Iter: 458, took 0.005919
Iter: 459, took 0.005295
Iter: 460, took 0.005833
[Valid AUC = 0.519235], Test AUC = 0.509434, Test Std = 0.237592
Iter: 461, took 0.007787
Iter: 462, took 0.006269
Iter: 463, took 0.005944
Iter: 464, took 0.005957
Iter: 465, took 0.006008
[Valid AUC = 0.518894], Test AUC = 0.510306, Test Std = 0.236793
Iter: 466, took 0.007564
Iter: 467, took 0.006247
Iter: 468, took 0.006403
Iter: 469, took 0.006386
Iter: 470, took 0.006071
[Valid AUC = 0.518198], Test AUC = 0.509836, Test Std = 0.236909
Iter: 471, took 0.007614
Iter: 472, took 0.006156
Iter: 473, took 0.006039
Iter: 474, took 0.006021
Iter: 475, took 0.006094
[Valid AUC = 0.516105], Test AUC = 0.510080, Test Std = 0.237782
Iter: 476, took 0.007469
Iter: 477, took 0.006047
Iter: 478, took 0.005976
Iter: 479, took 0.005966
Iter: 480, took 0.006002
[Valid AUC = 0.516164], Test AUC = 0.509595, Test Std = 0.238204
Iter: 481, took 0.007408
Iter: 482, took 0.006004
Iter: 483, took 0.005835
Iter: 484, took 0.005837
Iter: 485, took 0.005781
[Valid AUC = 0.517264], Test AUC = 0.509598, Test Std = 0.238515
Overfitted. Exiting... 


 <<< GBPR >>> Test AUC = 0.507940, Test Std = 0.235635
Best Iteration = 430, Val AUC = 0.519594

}
