{
  "corpus": "../data/epinions/epinions_timestamp_5.txt",
  "trusts": "../data/epinions/epinions_trust_5.txt",
  Loading votes from ../data/epinions/epinions_timestamp_5.txt, userMin = 4, itemMin = 0  .
  "nUsers": 75961
.

  Generating votes data 
  Loading trusts from ../data/epinions/epinions_trust_5.txt  . 
  "nTrusts": 14886

  "nUsers": 4299, "nItems": 13531, "nVotes": 20547

<<< GBPR__K_20_lambda_0.0100_biasReg_1.0000 >>>

Iter: 1, took 0.017879
Iter: 2, took 0.018718
Iter: 3, took 0.018598
Iter: 4, took 0.015909
Iter: 5, took 0.015002
[Valid AUC = 0.443769], Test AUC = 0.440292, Test Std = 0.295798
Iter: 6, took 0.024603
Iter: 7, took 0.019058
Iter: 8, took 0.017662
Iter: 9, took 0.016134
Iter: 10, took 0.014938
[Valid AUC = 0.444739], Test AUC = 0.441968, Test Std = 0.293052
Iter: 11, took 0.021374
Iter: 12, took 0.015254
Iter: 13, took 0.015857
Iter: 14, took 0.015365
Iter: 15, took 0.016313
[Valid AUC = 0.449073], Test AUC = 0.447303, Test Std = 0.290171
Iter: 16, took 0.023562
Iter: 17, took 0.016609
Iter: 18, took 0.018052
Iter: 19, took 0.018414
Iter: 20, took 0.017365
[Valid AUC = 0.453732], Test AUC = 0.453352, Test Std = 0.290201
Iter: 21, took 0.023655
Iter: 22, took 0.017965
Iter: 23, took 0.017944
Iter: 24, took 0.016869
Iter: 25, took 0.015288
[Valid AUC = 0.457179], Test AUC = 0.457088, Test Std = 0.288103
Iter: 26, took 0.024598
Iter: 27, took 0.018224
Iter: 28, took 0.014843
Iter: 29, took 0.015086
Iter: 30, took 0.016087
[Valid AUC = 0.460721], Test AUC = 0.460752, Test Std = 0.287503
Iter: 31, took 0.023088
Iter: 32, took 0.016815
Iter: 33, took 0.017383
Iter: 34, took 0.017926
Iter: 35, took 0.015749
[Valid AUC = 0.464268], Test AUC = 0.464277, Test Std = 0.286018
Iter: 36, took 0.024295
Iter: 37, took 0.018863
Iter: 38, took 0.018890
Iter: 39, took 0.017088
Iter: 40, took 0.014802
[Valid AUC = 0.467536], Test AUC = 0.468369, Test Std = 0.285232
Iter: 41, took 0.023400
Iter: 42, took 0.016991
Iter: 43, took 0.015251
Iter: 44, took 0.015932
Iter: 45, took 0.015339
[Valid AUC = 0.470598], Test AUC = 0.471428, Test Std = 0.283620
Iter: 46, took 0.030055
Iter: 47, took 0.023243
Iter: 48, took 0.026549
Iter: 49, took 0.026619
Iter: 50, took 0.027360
[Valid AUC = 0.473466], Test AUC = 0.474751, Test Std = 0.281826
Iter: 51, took 0.032151
Iter: 52, took 0.025974
Iter: 53, took 0.025129
Iter: 54, took 0.024724
Iter: 55, took 0.024804
[Valid AUC = 0.476087], Test AUC = 0.478291, Test Std = 0.280760
Iter: 56, took 0.033230
Iter: 57, took 0.026286
Iter: 58, took 0.025903
Iter: 59, took 0.024684
Iter: 60, took 0.023739
[Valid AUC = 0.478334], Test AUC = 0.481292, Test Std = 0.279593
Iter: 61, took 0.030635
Iter: 62, took 0.024550
Iter: 63, took 0.026104
Iter: 64, took 0.026559
Iter: 65, took 0.027210
[Valid AUC = 0.479733], Test AUC = 0.483208, Test Std = 0.277485
Iter: 66, took 0.032306
Iter: 67, took 0.025719
Iter: 68, took 0.024866
Iter: 69, took 0.024375
Iter: 70, took 0.026912
[Valid AUC = 0.481684], Test AUC = 0.485753, Test Std = 0.276540
Iter: 71, took 0.032227
Iter: 72, took 0.025565
Iter: 73, took 0.026757
Iter: 74, took 0.025952
Iter: 75, took 0.026298
[Valid AUC = 0.483189], Test AUC = 0.487427, Test Std = 0.275245
Iter: 76, took 0.032810
Iter: 77, took 0.026731
Iter: 78, took 0.025369
Iter: 79, took 0.024692
Iter: 80, took 0.022879
[Valid AUC = 0.484744], Test AUC = 0.489751, Test Std = 0.273262
Iter: 81, took 0.031803
Iter: 82, took 0.026355
Iter: 83, took 0.026186
Iter: 84, took 0.025649
Iter: 85, took 0.024214
[Valid AUC = 0.486750], Test AUC = 0.491738, Test Std = 0.272633
Iter: 86, took 0.024282
Iter: 87, took 0.017844
Iter: 88, took 0.017202
Iter: 89, took 0.016749
Iter: 90, took 0.016128
[Valid AUC = 0.488347], Test AUC = 0.493048, Test Std = 0.271597
Iter: 91, took 0.023011
Iter: 92, took 0.016868
Iter: 93, took 0.016839
Iter: 94, took 0.016615
Iter: 95, took 0.016802
[Valid AUC = 0.490148], Test AUC = 0.494134, Test Std = 0.270396
Iter: 96, took 0.023096
Iter: 97, took 0.015992
Iter: 98, took 0.016572
Iter: 99, took 0.017163
Iter: 100, took 0.016694
[Valid AUC = 0.491518], Test AUC = 0.495526, Test Std = 0.269636
Iter: 101, took 0.023240
Iter: 102, took 0.016942
Iter: 103, took 0.017602
Iter: 104, took 0.017494
Iter: 105, took 0.017415
[Valid AUC = 0.492770], Test AUC = 0.497287, Test Std = 0.268917
Iter: 106, took 0.023293
Iter: 107, took 0.017248
Iter: 108, took 0.016816
Iter: 109, took 0.016347
Iter: 110, took 0.016732
[Valid AUC = 0.493358], Test AUC = 0.498498, Test Std = 0.267604
Iter: 111, took 0.024338
Iter: 112, took 0.018300
Iter: 113, took 0.018539
Iter: 114, took 0.019034
Iter: 115, took 0.018240
[Valid AUC = 0.493773], Test AUC = 0.499492, Test Std = 0.266281
Iter: 116, took 0.024335
Iter: 117, took 0.017817
Iter: 118, took 0.018662
Iter: 119, took 0.017893
Iter: 120, took 0.018046
[Valid AUC = 0.494852], Test AUC = 0.500335, Test Std = 0.265182
Iter: 121, took 0.024350
Iter: 122, took 0.018348
Iter: 123, took 0.016173
Iter: 124, took 0.016486
Iter: 125, took 0.015848
[Valid AUC = 0.495697], Test AUC = 0.501686, Test Std = 0.264657
Iter: 126, took 0.023777
Iter: 127, took 0.016959
Iter: 128, took 0.017885
Iter: 129, took 0.018354
Iter: 130, took 0.018460
[Valid AUC = 0.496316], Test AUC = 0.502447, Test Std = 0.263807
Iter: 131, took 0.023143
Iter: 132, took 0.017237
Iter: 133, took 0.016957
Iter: 134, took 0.016416
Iter: 135, took 0.016048
[Valid AUC = 0.497044], Test AUC = 0.503277, Test Std = 0.263006
Iter: 136, took 0.023926
Iter: 137, took 0.018328
Iter: 138, took 0.017876
Iter: 139, took 0.017800
Iter: 140, took 0.017004
[Valid AUC = 0.497366], Test AUC = 0.503907, Test Std = 0.262009
Iter: 141, took 0.023414
Iter: 142, took 0.018012
Iter: 143, took 0.017396
Iter: 144, took 0.016796
Iter: 145, took 0.016502
[Valid AUC = 0.498420], Test AUC = 0.505303, Test Std = 0.261572
Iter: 146, took 0.023955
Iter: 147, took 0.017532
Iter: 148, took 0.017587
Iter: 149, took 0.016941
Iter: 150, took 0.017386
[Valid AUC = 0.498945], Test AUC = 0.506329, Test Std = 0.260894
Iter: 151, took 0.024294
Iter: 152, took 0.017360
Iter: 153, took 0.018166
Iter: 154, took 0.017936
Iter: 155, took 0.017921
[Valid AUC = 0.499332], Test AUC = 0.506961, Test Std = 0.260306
Iter: 156, took 0.024132
Iter: 157, took 0.017244
Iter: 158, took 0.016794
Iter: 159, took 0.016730
Iter: 160, took 0.016144
[Valid AUC = 0.499806], Test AUC = 0.507744, Test Std = 0.259688
Iter: 161, took 0.023430
Iter: 162, took 0.017360
Iter: 163, took 0.016717
Iter: 164, took 0.016392
Iter: 165, took 0.016779
[Valid AUC = 0.499409], Test AUC = 0.507679, Test Std = 0.258964
Iter: 166, took 0.023644
Iter: 167, took 0.018113
Iter: 168, took 0.017656
Iter: 169, took 0.016591
Iter: 170, took 0.017141
[Valid AUC = 0.499690], Test AUC = 0.508241, Test Std = 0.258326
Iter: 171, took 0.024371
Iter: 172, took 0.018132
Iter: 173, took 0.017522
Iter: 174, took 0.017258
Iter: 175, took 0.017644
[Valid AUC = 0.500140], Test AUC = 0.508408, Test Std = 0.257789
Iter: 176, took 0.023617
Iter: 177, took 0.018286
Iter: 178, took 0.018432
Iter: 179, took 0.018373
Iter: 180, took 0.017978
[Valid AUC = 0.500569], Test AUC = 0.508552, Test Std = 0.257503
Iter: 181, took 0.024324
Iter: 182, took 0.018123
Iter: 183, took 0.018035
Iter: 184, took 0.017751
Iter: 185, took 0.017938
[Valid AUC = 0.500673], Test AUC = 0.509157, Test Std = 0.257300
Iter: 186, took 0.023348
Iter: 187, took 0.017075
Iter: 188, took 0.016951
Iter: 189, took 0.016784
Iter: 190, took 0.016356
[Valid AUC = 0.500960], Test AUC = 0.509389, Test Std = 0.256891
Iter: 191, took 0.023350
Iter: 192, took 0.018050
Iter: 193, took 0.017750
Iter: 194, took 0.018276
Iter: 195, took 0.018432
[Valid AUC = 0.500807], Test AUC = 0.509827, Test Std = 0.256612
Iter: 196, took 0.023461
Iter: 197, took 0.017271
Iter: 198, took 0.017870
Iter: 199, took 0.018126
Iter: 200, took 0.018325
[Valid AUC = 0.501546], Test AUC = 0.510197, Test Std = 0.256178
Iter: 201, took 0.024093
Iter: 202, took 0.018219
Iter: 203, took 0.017586
Iter: 204, took 0.016357
Iter: 205, took 0.017337
[Valid AUC = 0.501964], Test AUC = 0.510960, Test Std = 0.255913
Iter: 206, took 0.023866
Iter: 207, took 0.017458
Iter: 208, took 0.017045
Iter: 209, took 0.018532
Iter: 210, took 0.017927
[Valid AUC = 0.502105], Test AUC = 0.511038, Test Std = 0.255293
Iter: 211, took 0.024070
Iter: 212, took 0.018098
Iter: 213, took 0.017527
Iter: 214, took 0.017225
Iter: 215, took 0.017296
[Valid AUC = 0.502215], Test AUC = 0.510758, Test Std = 0.254906
Iter: 216, took 0.023866
Iter: 217, took 0.017774
Iter: 218, took 0.017102
Iter: 219, took 0.017182
Iter: 220, took 0.018390
[Valid AUC = 0.502848], Test AUC = 0.510784, Test Std = 0.255245
Iter: 221, took 0.023970
Iter: 222, took 0.017971
Iter: 223, took 0.017749
Iter: 224, took 0.017905
Iter: 225, took 0.017711
[Valid AUC = 0.502847], Test AUC = 0.511558, Test Std = 0.255092
Iter: 226, took 0.023754
Iter: 227, took 0.018162
Iter: 228, took 0.017587
Iter: 229, took 0.017462
Iter: 230, took 0.016326
[Valid AUC = 0.503830], Test AUC = 0.511027, Test Std = 0.254368
Iter: 231, took 0.023887
Iter: 232, took 0.017516
Iter: 233, took 0.017362
Iter: 234, took 0.017155
Iter: 235, took 0.016858
[Valid AUC = 0.503934], Test AUC = 0.511738, Test Std = 0.254272
Iter: 236, took 0.023843
Iter: 237, took 0.017118
Iter: 238, took 0.017504
Iter: 239, took 0.017720
Iter: 240, took 0.017281
[Valid AUC = 0.504062], Test AUC = 0.512526, Test Std = 0.254202
Iter: 241, took 0.024073
Iter: 242, took 0.017902
Iter: 243, took 0.017224
Iter: 244, took 0.016404
Iter: 245, took 0.018015
[Valid AUC = 0.504398], Test AUC = 0.512389, Test Std = 0.253859
Iter: 246, took 0.023893
Iter: 247, took 0.018202
Iter: 248, took 0.018078
Iter: 249, took 0.017816
Iter: 250, took 0.017447
[Valid AUC = 0.504817], Test AUC = 0.513116, Test Std = 0.253632
Iter: 251, took 0.024017
Iter: 252, took 0.017494
Iter: 253, took 0.018032
Iter: 254, took 0.017215
Iter: 255, took 0.017519
[Valid AUC = 0.505144], Test AUC = 0.513208, Test Std = 0.253598
Iter: 256, took 0.021322
Iter: 257, took 0.015179
Iter: 258, took 0.014762
Iter: 259, took 0.015128
Iter: 260, took 0.014376
[Valid AUC = 0.504769], Test AUC = 0.513155, Test Std = 0.253363
Iter: 261, took 0.020632
Iter: 262, took 0.014772
Iter: 263, took 0.013341
Iter: 264, took 0.013853
Iter: 265, took 0.013697
[Valid AUC = 0.504990], Test AUC = 0.513870, Test Std = 0.253117
Iter: 266, took 0.019747
Iter: 267, took 0.014485
Iter: 268, took 0.014567
Iter: 269, took 0.013270
Iter: 270, took 0.014420
[Valid AUC = 0.505350], Test AUC = 0.514255, Test Std = 0.253021
Iter: 271, took 0.020698
Iter: 272, took 0.014601
Iter: 273, took 0.013988
Iter: 274, took 0.014439
Iter: 275, took 0.014431
[Valid AUC = 0.506254], Test AUC = 0.513808, Test Std = 0.252734
Iter: 276, took 0.020446
Iter: 277, took 0.013475
Iter: 278, took 0.014428
Iter: 279, took 0.013622
Iter: 280, took 0.012534
[Valid AUC = 0.506025], Test AUC = 0.514238, Test Std = 0.253103
Iter: 281, took 0.018710
Iter: 282, took 0.014218
Iter: 283, took 0.014320
Iter: 284, took 0.014004
Iter: 285, took 0.014775
[Valid AUC = 0.506397], Test AUC = 0.513708, Test Std = 0.252551
Iter: 286, took 0.020421
Iter: 287, took 0.013331
Iter: 288, took 0.013324
Iter: 289, took 0.012686
Iter: 290, took 0.013132
[Valid AUC = 0.506328], Test AUC = 0.514255, Test Std = 0.252691
Iter: 291, took 0.020647
Iter: 292, took 0.014173
Iter: 293, took 0.014586
Iter: 294, took 0.014732
Iter: 295, took 0.013472
[Valid AUC = 0.506657], Test AUC = 0.514095, Test Std = 0.252534
Iter: 296, took 0.020670
Iter: 297, took 0.014690
Iter: 298, took 0.014261
Iter: 299, took 0.014196
Iter: 300, took 0.014334
[Valid AUC = 0.506520], Test AUC = 0.513874, Test Std = 0.252595
Iter: 301, took 0.019545
Iter: 302, took 0.013574
Iter: 303, took 0.014159
Iter: 304, took 0.014061
Iter: 305, took 0.013301
[Valid AUC = 0.506204], Test AUC = 0.513538, Test Std = 0.252265
Iter: 306, took 0.019260
Iter: 307, took 0.013203
Iter: 308, took 0.014065
Iter: 309, took 0.013983
Iter: 310, took 0.013520
[Valid AUC = 0.506664], Test AUC = 0.513428, Test Std = 0.252172
Iter: 311, took 0.020137
Iter: 312, took 0.014240
Iter: 313, took 0.014461
Iter: 314, took 0.013648
Iter: 315, took 0.013814
[Valid AUC = 0.506643], Test AUC = 0.513830, Test Std = 0.252448
Iter: 316, took 0.020137
Iter: 317, took 0.014502
Iter: 318, took 0.014724
Iter: 319, took 0.014520
Iter: 320, took 0.012955
[Valid AUC = 0.507137], Test AUC = 0.514106, Test Std = 0.252178
Iter: 321, took 0.020662
Iter: 322, took 0.014236
Iter: 323, took 0.014352
Iter: 324, took 0.014230
Iter: 325, took 0.014585
[Valid AUC = 0.507907], Test AUC = 0.513753, Test Std = 0.251904
Iter: 326, took 0.020097
Iter: 327, took 0.014213
Iter: 328, took 0.013371
Iter: 329, took 0.013801
Iter: 330, took 0.014145
[Valid AUC = 0.507924], Test AUC = 0.513679, Test Std = 0.252174
Iter: 331, took 0.020908
Iter: 332, took 0.014758
Iter: 333, took 0.014929
Iter: 334, took 0.014003
Iter: 335, took 0.014648
[Valid AUC = 0.508115], Test AUC = 0.514209, Test Std = 0.251905
Iter: 336, took 0.020564
Iter: 337, took 0.014185
Iter: 338, took 0.014109
Iter: 339, took 0.014798
Iter: 340, took 0.014239
[Valid AUC = 0.508389], Test AUC = 0.514303, Test Std = 0.251993
Iter: 341, took 0.020495
Iter: 342, took 0.014489
Iter: 343, took 0.014816
Iter: 344, took 0.014731
Iter: 345, took 0.014102
[Valid AUC = 0.508328], Test AUC = 0.514388, Test Std = 0.252158
Iter: 346, took 0.019590
Iter: 347, took 0.014471
Iter: 348, took 0.013421
Iter: 349, took 0.013180
Iter: 350, took 0.013563
[Valid AUC = 0.507968], Test AUC = 0.514600, Test Std = 0.252017
Iter: 351, took 0.018504
Iter: 352, took 0.012892
Iter: 353, took 0.013534
Iter: 354, took 0.013216
Iter: 355, took 0.013617
[Valid AUC = 0.507777], Test AUC = 0.515274, Test Std = 0.251847
Iter: 356, took 0.018702
Iter: 357, took 0.013566
Iter: 358, took 0.013042
Iter: 359, took 0.012438
Iter: 360, took 0.012968
[Valid AUC = 0.508645], Test AUC = 0.515728, Test Std = 0.251795
Iter: 361, took 0.019999
Iter: 362, took 0.013303
Iter: 363, took 0.012515
Iter: 364, took 0.013279
Iter: 365, took 0.013700
[Valid AUC = 0.509443], Test AUC = 0.515634, Test Std = 0.251501
Iter: 366, took 0.019839
Iter: 367, took 0.013058
Iter: 368, took 0.013449
Iter: 369, took 0.012591
Iter: 370, took 0.013712
[Valid AUC = 0.510117], Test AUC = 0.515127, Test Std = 0.251589
Iter: 371, took 0.019776
Iter: 372, took 0.013400
Iter: 373, took 0.013501
Iter: 374, took 0.013836
Iter: 375, took 0.013535
[Valid AUC = 0.509623], Test AUC = 0.514670, Test Std = 0.251262
Iter: 376, took 0.019727
Iter: 377, took 0.013710
Iter: 378, took 0.013489
Iter: 379, took 0.013627
Iter: 380, took 0.012460
[Valid AUC = 0.510609], Test AUC = 0.514795, Test Std = 0.251281
Iter: 381, took 0.019923
Iter: 382, took 0.013726
Iter: 383, took 0.012910
Iter: 384, took 0.013488
Iter: 385, took 0.012727
[Valid AUC = 0.510960], Test AUC = 0.515196, Test Std = 0.250964
Iter: 386, took 0.019989
Iter: 387, took 0.013685
Iter: 388, took 0.013413
Iter: 389, took 0.013468
Iter: 390, took 0.013017
[Valid AUC = 0.511231], Test AUC = 0.514157, Test Std = 0.250700
Iter: 391, took 0.018671
Iter: 392, took 0.011945
Iter: 393, took 0.012370
Iter: 394, took 0.012494
Iter: 395, took 0.013009
[Valid AUC = 0.511792], Test AUC = 0.514247, Test Std = 0.250812
Iter: 396, took 0.019737
Iter: 397, took 0.013671
Iter: 398, took 0.013660
Iter: 399, took 0.013642
Iter: 400, took 0.014064
[Valid AUC = 0.511962], Test AUC = 0.514712, Test Std = 0.250759
Iter: 401, took 0.019396
Iter: 402, took 0.012972
Iter: 403, took 0.013733
Iter: 404, took 0.012079
Iter: 405, took 0.011509
[Valid AUC = 0.512840], Test AUC = 0.513927, Test Std = 0.250666
Iter: 406, took 0.018971
Iter: 407, took 0.013799
Iter: 408, took 0.013746
Iter: 409, took 0.013420
Iter: 410, took 0.012984
[Valid AUC = 0.513266], Test AUC = 0.513834, Test Std = 0.250218
Iter: 411, took 0.019774
Iter: 412, took 0.013643
Iter: 413, took 0.013486
Iter: 414, took 0.013018
Iter: 415, took 0.012532
[Valid AUC = 0.513015], Test AUC = 0.514326, Test Std = 0.250062
Iter: 416, took 0.020173
Iter: 417, took 0.012918
Iter: 418, took 0.012517
Iter: 419, took 0.014492
Iter: 420, took 0.013926
[Valid AUC = 0.512750], Test AUC = 0.514163, Test Std = 0.249578
Iter: 421, took 0.018942
Iter: 422, took 0.013812
Iter: 423, took 0.013271
Iter: 424, took 0.012937
Iter: 425, took 0.013419
[Valid AUC = 0.513098], Test AUC = 0.513956, Test Std = 0.249175
Iter: 426, took 0.019449
Iter: 427, took 0.013626
Iter: 428, took 0.013486
Iter: 429, took 0.013839
Iter: 430, took 0.013708
[Valid AUC = 0.512805], Test AUC = 0.513510, Test Std = 0.249418
Iter: 431, took 0.018998
Iter: 432, took 0.013689
Iter: 433, took 0.013288
Iter: 434, took 0.013026
Iter: 435, took 0.012197
[Valid AUC = 0.512407], Test AUC = 0.513756, Test Std = 0.249576
Iter: 436, took 0.018856
Iter: 437, took 0.013400
Iter: 438, took 0.013777
Iter: 439, took 0.012731
Iter: 440, took 0.013545
[Valid AUC = 0.512611], Test AUC = 0.514026, Test Std = 0.249649
Iter: 441, took 0.018642
Iter: 442, took 0.013483
Iter: 443, took 0.013115
Iter: 444, took 0.012142
Iter: 445, took 0.013343
[Valid AUC = 0.513151], Test AUC = 0.514530, Test Std = 0.249670
Iter: 446, took 0.019462
Iter: 447, took 0.014047
Iter: 448, took 0.013901
Iter: 449, took 0.013287
Iter: 450, took 0.013840
[Valid AUC = 0.513259], Test AUC = 0.514566, Test Std = 0.249450
Iter: 451, took 0.019718
Iter: 452, took 0.013794
Iter: 453, took 0.015409
Iter: 454, took 0.015224
Iter: 455, took 0.014106
[Valid AUC = 0.513084], Test AUC = 0.515058, Test Std = 0.249491
Iter: 456, took 0.019034
Iter: 457, took 0.013115
Iter: 458, took 0.013005
Iter: 459, took 0.013338
Iter: 460, took 0.014024
[Valid AUC = 0.513263], Test AUC = 0.515023, Test Std = 0.249742
Iter: 461, took 0.019729
Iter: 462, took 0.013722
Iter: 463, took 0.013518
Iter: 464, took 0.012705
Iter: 465, took 0.012781
[Valid AUC = 0.513883], Test AUC = 0.515126, Test Std = 0.249618
Iter: 466, took 0.019527
Iter: 467, took 0.013414
Iter: 468, took 0.013762
Iter: 469, took 0.013474
Iter: 470, took 0.012565
[Valid AUC = 0.513436], Test AUC = 0.515387, Test Std = 0.249873
Iter: 471, took 0.019674
Iter: 472, took 0.013684
Iter: 473, took 0.013540
Iter: 474, took 0.013814
Iter: 475, took 0.013997
[Valid AUC = 0.513725], Test AUC = 0.515116, Test Std = 0.249655
Iter: 476, took 0.019228
Iter: 477, took 0.013730
Iter: 478, took 0.013421
Iter: 479, took 0.013679
Iter: 480, took 0.013338
[Valid AUC = 0.514191], Test AUC = 0.514293, Test Std = 0.249925
Iter: 481, took 0.019911
Iter: 482, took 0.013249
Iter: 483, took 0.011877
Iter: 484, took 0.011843
Iter: 485, took 0.011799
[Valid AUC = 0.514165], Test AUC = 0.514833, Test Std = 0.249598
Iter: 486, took 0.019821
Iter: 487, took 0.013474
Iter: 488, took 0.013013
Iter: 489, took 0.012307
Iter: 490, took 0.013624
[Valid AUC = 0.514160], Test AUC = 0.514816, Test Std = 0.249609
Iter: 491, took 0.019788
Iter: 492, took 0.013940
Iter: 493, took 0.013314
Iter: 494, took 0.012930
Iter: 495, took 0.012350
[Valid AUC = 0.513728], Test AUC = 0.514652, Test Std = 0.249386
Iter: 496, took 0.017826
Iter: 497, took 0.012650
Iter: 498, took 0.012577
Iter: 499, took 0.012412
Iter: 500, took 0.012520
[Valid AUC = 0.514242], Test AUC = 0.514877, Test Std = 0.249520
Iter: 501, took 0.019144
Iter: 502, took 0.012631
Iter: 503, took 0.012840
Iter: 504, took 0.012491
Iter: 505, took 0.011197
[Valid AUC = 0.514669], Test AUC = 0.514802, Test Std = 0.249387
Iter: 506, took 0.018706
Iter: 507, took 0.011460
Iter: 508, took 0.012627
Iter: 509, took 0.012756
Iter: 510, took 0.012530
[Valid AUC = 0.514571], Test AUC = 0.515596, Test Std = 0.249594
Iter: 511, took 0.018456
Iter: 512, took 0.012560
Iter: 513, took 0.012304
Iter: 514, took 0.011054
Iter: 515, took 0.010546
[Valid AUC = 0.514882], Test AUC = 0.515725, Test Std = 0.249577
Iter: 516, took 0.019099
Iter: 517, took 0.013686
Iter: 518, took 0.011759
Iter: 519, took 0.011830
Iter: 520, took 0.011959
[Valid AUC = 0.514680], Test AUC = 0.516720, Test Std = 0.249694
Iter: 521, took 0.018311
Iter: 522, took 0.012692
Iter: 523, took 0.012262
Iter: 524, took 0.012531
Iter: 525, took 0.012205
[Valid AUC = 0.514685], Test AUC = 0.516543, Test Std = 0.250033
Iter: 526, took 0.018464
Iter: 527, took 0.012695
Iter: 528, took 0.012787
Iter: 529, took 0.012806
Iter: 530, took 0.012596
[Valid AUC = 0.513657], Test AUC = 0.515830, Test Std = 0.249868
Iter: 531, took 0.018518
Iter: 532, took 0.012704
Iter: 533, took 0.012589
Iter: 534, took 0.012708
Iter: 535, took 0.012418
[Valid AUC = 0.513603], Test AUC = 0.515832, Test Std = 0.249431
Iter: 536, took 0.017539
Iter: 537, took 0.011346
Iter: 538, took 0.012381
Iter: 539, took 0.012389
Iter: 540, took 0.012595
[Valid AUC = 0.513305], Test AUC = 0.516248, Test Std = 0.249315
Iter: 541, took 0.018390
Iter: 542, took 0.012024
Iter: 543, took 0.012115
Iter: 544, took 0.012725
Iter: 545, took 0.012329
[Valid AUC = 0.513757], Test AUC = 0.516211, Test Std = 0.249398
Iter: 546, took 0.018529
Iter: 547, took 0.011375
Iter: 548, took 0.010576
Iter: 549, took 0.011420
Iter: 550, took 0.011913
[Valid AUC = 0.513579], Test AUC = 0.515541, Test Std = 0.249333
Iter: 551, took 0.015723
Iter: 552, took 0.011642
Iter: 553, took 0.012076
Iter: 554, took 0.012288
Iter: 555, took 0.012771
[Valid AUC = 0.513401], Test AUC = 0.515484, Test Std = 0.249456
Iter: 556, took 0.017001
Iter: 557, took 0.012456
Iter: 558, took 0.011842
Iter: 559, took 0.012677
Iter: 560, took 0.012814
[Valid AUC = 0.512895], Test AUC = 0.515911, Test Std = 0.249555
Iter: 561, took 0.016021
Iter: 562, took 0.010733
Iter: 563, took 0.011347
Iter: 564, took 0.012757
Iter: 565, took 0.012581
[Valid AUC = 0.513430], Test AUC = 0.516333, Test Std = 0.249631
Iter: 566, took 0.017044
Iter: 567, took 0.011354
Iter: 568, took 0.010816
Iter: 569, took 0.011289
Iter: 570, took 0.010812
[Valid AUC = 0.513685], Test AUC = 0.515711, Test Std = 0.249800
Overfitted. Exiting... 


 <<< GBPR >>> Test AUC = 0.515770, Test Std = 0.237315
Best Iteration = 515, Val AUC = 0.514920

}
