{
  "corpus": "../data/flixster/flixster_timestamp_timestamp_5.txt",
  "trusts": "../data/flixster/flixster_trust_trust_5.txt",
  Loading votes from ../data/flixster/flixster_timestamp_timestamp_5.txt, userMin = 4, itemMin = 0  .....
  "nUsers": 114296
.....

  Generating votes data 
  Loading trusts from ../data/flixster/flixster_trust_trust_5.txt  ........................ 
  "nTrusts": 258850

  "nUsers": 32444, "nItems": 9098, "nVotes": 160059

<<< GBPR__K_20_lambda_0.0100_biasReg_1.0000 >>>

Iter: 1, took 0.815773
Iter: 2, took 0.933529
Iter: 3, took 0.922112
Iter: 4, took 0.898204
Iter: 5, took 0.905960
[Valid AUC = 0.871770], Test AUC = 0.865649, Test Std = 0.207580
Iter: 6, took 1.181709
Iter: 7, took 1.195171
Iter: 8, took 1.188890
Iter: 9, took 1.170581
Iter: 10, took 1.167768
[Valid AUC = 0.871258], Test AUC = 0.864992, Test Std = 0.216925
Iter: 11, took 1.172415
Iter: 12, took 1.114898
Iter: 13, took 1.159160
Iter: 14, took 1.144765
Iter: 15, took 1.221797
[Valid AUC = 0.870399], Test AUC = 0.863985, Test Std = 0.223733
Iter: 16, took 1.253464
Iter: 17, took 1.126455
Iter: 18, took 1.125331
Iter: 19, took 1.129295
Iter: 20, took 1.240162
[Valid AUC = 0.869685], Test AUC = 0.861881, Test Std = 0.228068
Iter: 21, took 1.326536
Iter: 22, took 1.204633
Iter: 23, took 1.177220
Iter: 24, took 1.250933
Iter: 25, took 1.112906
[Valid AUC = 0.866850], Test AUC = 0.859357, Test Std = 0.234216
Iter: 26, took 1.198532
Iter: 27, took 1.156578
Iter: 28, took 1.168531
Iter: 29, took 1.197250
Iter: 30, took 1.193126
[Valid AUC = 0.864804], Test AUC = 0.856864, Test Std = 0.238802
Iter: 31, took 1.215734
Iter: 32, took 1.247552
Iter: 33, took 1.293385
Iter: 34, took 1.235083
Iter: 35, took 1.233873
[Valid AUC = 0.863201], Test AUC = 0.854217, Test Std = 0.242102
Iter: 36, took 1.218374
Iter: 37, took 1.273896
Iter: 38, took 1.253329
Iter: 39, took 1.228082
Iter: 40, took 1.129658
[Valid AUC = 0.862422], Test AUC = 0.853873, Test Std = 0.244358
Iter: 41, took 1.237638
Iter: 42, took 1.248303
Iter: 43, took 1.304360
Iter: 44, took 1.292867
Iter: 45, took 1.282935
[Valid AUC = 0.861972], Test AUC = 0.852848, Test Std = 0.246605
Iter: 46, took 1.247181
Iter: 47, took 1.219808
Iter: 48, took 1.147781
Iter: 49, took 1.215892
Iter: 50, took 1.155108
[Valid AUC = 0.862166], Test AUC = 0.852124, Test Std = 0.247219
Iter: 51, took 1.250913
Iter: 52, took 1.177739
Iter: 53, took 1.280878
Iter: 54, took 1.158900
Iter: 55, took 1.196750
[Valid AUC = 0.863049], Test AUC = 0.853119, Test Std = 0.247349
Iter: 56, took 1.277625
Iter: 57, took 1.217090
Iter: 58, took 1.266828
Iter: 59, took 1.200154
Iter: 60, took 1.284932
[Valid AUC = 0.862660], Test AUC = 0.852550, Test Std = 0.248759
Overfitted. Exiting... 


 <<< GBPR >>> Test AUC = 0.865630, Test Std = 0.216729
Best Iteration = 5, Val AUC = 0.871755

}
