{
  "corpus": "../data/ciao_with_rating_timestamp_txt/rating_with_timestamp_timestamp_5.txt",
  "trusts": "../data/ciao_with_rating_timestamp_txt/trust_trust_5.txt",
  Loading votes from ../data/ciao_with_rating_timestamp_txt/rating_with_timestamp_timestamp_5.txt, userMin = 4, itemMin = 0  
  "nUsers": 2219


  Generating votes data 
  Loading trusts from ../data/ciao_with_rating_timestamp_txt/trust_trust_5.txt   
  "nTrusts": 25134

  "nUsers": 1415, "nItems": 4881, "nVotes": 6973

<<< SBPR__K_20_lambda_0.0100_biasReg_1.0000 >>>

Iter: 1, took 0.012334
Iter: 2, took 0.011502
Iter: 3, took 0.011584
Iter: 4, took 0.011470
Iter: 5, took 0.011649
[Valid AUC = 0.423851], Test AUC = 0.432984, Test Std = 0.289155
Iter: 6, took 0.014216
Iter: 7, took 0.012075
Iter: 8, took 0.011555
Iter: 9, took 0.011747
Iter: 10, took 0.011298
[Valid AUC = 0.453554], Test AUC = 0.448755, Test Std = 0.282712
Iter: 11, took 0.014186
Iter: 12, took 0.012433
Iter: 13, took 0.011613
Iter: 14, took 0.011513
Iter: 15, took 0.011112
[Valid AUC = 0.457946], Test AUC = 0.466238, Test Std = 0.270815
Iter: 16, took 0.014514
Iter: 17, took 0.012257
Iter: 18, took 0.011698
Iter: 19, took 0.011526
Iter: 20, took 0.011710
[Valid AUC = 0.469152], Test AUC = 0.471937, Test Std = 0.272678
Iter: 21, took 0.014690
Iter: 22, took 0.012302
Iter: 23, took 0.011714
Iter: 24, took 0.011330
Iter: 25, took 0.011332
[Valid AUC = 0.478519], Test AUC = 0.488999, Test Std = 0.270305
Iter: 26, took 0.014572
Iter: 27, took 0.012456
Iter: 28, took 0.011980
Iter: 29, took 0.011591
Iter: 30, took 0.011540
[Valid AUC = 0.491750], Test AUC = 0.497108, Test Std = 0.265596
Iter: 31, took 0.014611
Iter: 32, took 0.012192
Iter: 33, took 0.011897
Iter: 34, took 0.011254
Iter: 35, took 0.011239
[Valid AUC = 0.503400], Test AUC = 0.496497, Test Std = 0.268787
Iter: 36, took 0.014439
Iter: 37, took 0.012318
Iter: 38, took 0.011699
Iter: 39, took 0.011919
Iter: 40, took 0.011589
[Valid AUC = 0.503654], Test AUC = 0.501249, Test Std = 0.266551
Iter: 41, took 0.014146
Iter: 42, took 0.012226
Iter: 43, took 0.011719
Iter: 44, took 0.011698
Iter: 45, took 0.011733
[Valid AUC = 0.514634], Test AUC = 0.508518, Test Std = 0.268749
Iter: 46, took 0.014645
Iter: 47, took 0.012215
Iter: 48, took 0.011746
Iter: 49, took 0.011869
Iter: 50, took 0.011868
[Valid AUC = 0.524685], Test AUC = 0.509185, Test Std = 0.263414
Iter: 51, took 0.014525
Iter: 52, took 0.012317
Iter: 53, took 0.012173
Iter: 54, took 0.011893
Iter: 55, took 0.011622
[Valid AUC = 0.521201], Test AUC = 0.510933, Test Std = 0.264914
Iter: 56, took 0.014639
Iter: 57, took 0.012320
Iter: 58, took 0.011439
Iter: 59, took 0.011465
Iter: 60, took 0.011036
[Valid AUC = 0.511477], Test AUC = 0.515497, Test Std = 0.266572
Iter: 61, took 0.014873
Iter: 62, took 0.012302
Iter: 63, took 0.011642
Iter: 64, took 0.011389
Iter: 65, took 0.011167
[Valid AUC = 0.512365], Test AUC = 0.524781, Test Std = 0.268928
Iter: 66, took 0.014538
Iter: 67, took 0.012272
Iter: 68, took 0.011459
Iter: 69, took 0.011400
Iter: 70, took 0.011111
[Valid AUC = 0.511278], Test AUC = 0.509588, Test Std = 0.265711
Iter: 71, took 0.014027
Iter: 72, took 0.012906
Iter: 73, took 0.011922
Iter: 74, took 0.011404
Iter: 75, took 0.011481
[Valid AUC = 0.504164], Test AUC = 0.503611, Test Std = 0.273221
Iter: 76, took 0.014847
Iter: 77, took 0.012696
Iter: 78, took 0.011627
Iter: 79, took 0.011547
Iter: 80, took 0.011376
[Valid AUC = 0.511639], Test AUC = 0.515626, Test Std = 0.270040
Iter: 81, took 0.014597
Iter: 82, took 0.012440
Iter: 83, took 0.011847
Iter: 84, took 0.012072
Iter: 85, took 0.011606
[Valid AUC = 0.516094], Test AUC = 0.505357, Test Std = 0.267888
Iter: 86, took 0.014262
Iter: 87, took 0.012064
Iter: 88, took 0.011952
Iter: 89, took 0.011526
Iter: 90, took 0.011808
[Valid AUC = 0.518699], Test AUC = 0.513352, Test Std = 0.265196
Iter: 91, took 0.014233
Iter: 92, took 0.012150
Iter: 93, took 0.011522
Iter: 94, took 0.011117
Iter: 95, took 0.011115
[Valid AUC = 0.512797], Test AUC = 0.507378, Test Std = 0.269115
Iter: 96, took 0.012911
Iter: 97, took 0.011772
Iter: 98, took 0.011297
Iter: 99, took 0.011101
Iter: 100, took 0.011168
[Valid AUC = 0.511221], Test AUC = 0.509091, Test Std = 0.267177
Iter: 101, took 0.013666
Iter: 102, took 0.011847
Iter: 103, took 0.011270
Iter: 104, took 0.011373
Iter: 105, took 0.011460
[Valid AUC = 0.517776], Test AUC = 0.519410, Test Std = 0.268436
Overfitted. Exiting... 


 <<< SBPR >>> Test AUC = 0.509185, Test Std = 0.270497
Best Iteration = 50, Val AUC = 0.524685

}
