{
  "corpus": "../data/flixster/flixster_timestamp_timestamp_5.txt",
  "trusts": "../data/flixster/flixster_trust_trust_5.txt",
  Loading votes from ../data/flixster/flixster_timestamp_timestamp_5.txt, userMin = 4, itemMin = 0  .....
  "nUsers": 114296
.....

  Generating votes data 
  Loading trusts from ../data/flixster/flixster_trust_trust_5.txt  ........................ 
  "nTrusts": 258850

  "nUsers": 32444, "nItems": 9098, "nVotes": 160059

<<< SBPR__K_20_lambda_0.1000_biasReg_1.0000 >>>

Iter: 1, took 0.357694
Iter: 2, took 0.358334
Iter: 3, took 0.356264
Iter: 4, took 0.357600
Iter: 5, took 0.357033
[Valid AUC = 0.885229], Test AUC = 0.878211, Test Std = 0.186786
Iter: 6, took 0.359481
Iter: 7, took 0.361166
Iter: 8, took 0.361737
Iter: 9, took 0.359479
Iter: 10, took 0.357981
[Valid AUC = 0.888953], Test AUC = 0.883309, Test Std = 0.188271
Iter: 11, took 0.357670
Iter: 12, took 0.360286
Iter: 13, took 0.360218
Iter: 14, took 0.362687
Iter: 15, took 0.363917
[Valid AUC = 0.890105], Test AUC = 0.884204, Test Std = 0.189229
Iter: 16, took 0.359044
Iter: 17, took 0.360825
Iter: 18, took 0.359087
Iter: 19, took 0.361993
Iter: 20, took 0.361154
[Valid AUC = 0.893263], Test AUC = 0.883991, Test Std = 0.187744
Iter: 21, took 0.359065
Iter: 22, took 0.361727
Iter: 23, took 0.358434
Iter: 24, took 0.358940
Iter: 25, took 0.361095
[Valid AUC = 0.893441], Test AUC = 0.887156, Test Std = 0.189000
Iter: 26, took 0.360862
Iter: 27, took 0.361565
Iter: 28, took 0.358882
Iter: 29, took 0.362177
Iter: 30, took 0.358762
[Valid AUC = 0.894587], Test AUC = 0.887755, Test Std = 0.189277
Iter: 31, took 0.367016
Iter: 32, took 0.365304
Iter: 33, took 0.366236
Iter: 34, took 0.366432
Iter: 35, took 0.363890
[Valid AUC = 0.895171], Test AUC = 0.886317, Test Std = 0.188997
Iter: 36, took 0.360779
Iter: 37, took 0.357508
Iter: 38, took 0.361066
Iter: 39, took 0.358971
Iter: 40, took 0.361828
[Valid AUC = 0.897535], Test AUC = 0.887560, Test Std = 0.188460
Iter: 41, took 0.360894
Iter: 42, took 0.357485
Iter: 43, took 0.360834
Iter: 44, took 0.362193
Iter: 45, took 0.360693
[Valid AUC = 0.898348], Test AUC = 0.889187, Test Std = 0.187889
Iter: 46, took 0.521282
Iter: 47, took 0.525411
Iter: 48, took 0.524512
Iter: 49, took 0.526050
Iter: 50, took 0.523804
[Valid AUC = 0.898629], Test AUC = 0.888861, Test Std = 0.186599
Iter: 51, took 0.526817
Iter: 52, took 0.528007
Iter: 53, took 0.525826
Iter: 54, took 0.526894
Iter: 55, took 0.527329
[Valid AUC = 0.899848], Test AUC = 0.891219, Test Std = 0.187630
Iter: 56, took 0.529499
Iter: 57, took 0.527769
Iter: 58, took 0.527629
Iter: 59, took 0.527616
Iter: 60, took 0.526087
[Valid AUC = 0.899339], Test AUC = 0.891658, Test Std = 0.187088
Iter: 61, took 0.528992
Iter: 62, took 0.524519
Iter: 63, took 0.526139
Iter: 64, took 0.525183
Iter: 65, took 0.527510
[Valid AUC = 0.899800], Test AUC = 0.890064, Test Std = 0.187168
Iter: 66, took 0.527858
Iter: 67, took 0.525001
Iter: 68, took 0.526408
Iter: 69, took 0.526192
Iter: 70, took 0.527421
[Valid AUC = 0.901669], Test AUC = 0.892493, Test Std = 0.183880
Iter: 71, took 0.532705
Iter: 72, took 0.526201
Iter: 73, took 0.526783
Iter: 74, took 0.528176
Iter: 75, took 0.523656
[Valid AUC = 0.900305], Test AUC = 0.890515, Test Std = 0.185797
Iter: 76, took 0.527715
Iter: 77, took 0.528881
Iter: 78, took 0.527839
Iter: 79, took 0.527789
Iter: 80, took 0.528885
[Valid AUC = 0.900074], Test AUC = 0.892349, Test Std = 0.188644
Iter: 81, took 0.513029
Iter: 82, took 0.512729
Iter: 83, took 0.514478
Iter: 84, took 0.515517
Iter: 85, took 0.515040
[Valid AUC = 0.900009], Test AUC = 0.890459, Test Std = 0.186680
Iter: 86, took 0.517439
Iter: 87, took 0.509604
Iter: 88, took 0.510447
Iter: 89, took 0.510363
Iter: 90, took 0.508932
[Valid AUC = 0.900385], Test AUC = 0.891447, Test Std = 0.187374
Iter: 91, took 0.505524
Iter: 92, took 0.506011
Iter: 93, took 0.507178
Iter: 94, took 0.507039
Iter: 95, took 0.510947
[Valid AUC = 0.902202], Test AUC = 0.892444, Test Std = 0.186233
Iter: 96, took 0.508600
Iter: 97, took 0.510121
Iter: 98, took 0.508156
Iter: 99, took 0.503346
Iter: 100, took 0.507381
[Valid AUC = 0.900082], Test AUC = 0.890118, Test Std = 0.186655
Iter: 101, took 0.505196
Iter: 102, took 0.507488
Iter: 103, took 0.507500
Iter: 104, took 0.507970
Iter: 105, took 0.507219
[Valid AUC = 0.900111], Test AUC = 0.890181, Test Std = 0.187091
Iter: 106, took 0.509085
Iter: 107, took 0.507031
Iter: 108, took 0.505424
Iter: 109, took 0.505821
Iter: 110, took 0.502757
[Valid AUC = 0.900637], Test AUC = 0.891174, Test Std = 0.185886
Iter: 111, took 0.508687
Iter: 112, took 0.507412
Iter: 113, took 0.507515
Iter: 114, took 0.503991
Iter: 115, took 0.506612
[Valid AUC = 0.900049], Test AUC = 0.891220, Test Std = 0.187539
Iter: 116, took 0.504657
Iter: 117, took 0.517279
Iter: 118, took 0.517013
Iter: 119, took 0.513081
Iter: 120, took 0.507918
[Valid AUC = 0.901536], Test AUC = 0.892933, Test Std = 0.184850
Iter: 121, took 0.505497
Iter: 122, took 0.505323
Iter: 123, took 0.506768
Iter: 124, took 0.504479
Iter: 125, took 0.510150
[Valid AUC = 0.900989], Test AUC = 0.890738, Test Std = 0.186101
Iter: 126, took 0.506848
Iter: 127, took 0.505764
Iter: 128, took 0.506931
Iter: 129, took 0.506704
Iter: 130, took 0.505989
[Valid AUC = 0.900962], Test AUC = 0.891532, Test Std = 0.186069
Iter: 131, took 0.527702
Iter: 132, took 0.523155
Iter: 133, took 0.523722
Iter: 134, took 0.523560
Iter: 135, took 0.523763
[Valid AUC = 0.902248], Test AUC = 0.894458, Test Std = 0.187057
Iter: 136, took 0.526466
Iter: 137, took 0.525323
Iter: 138, took 0.529042
Iter: 139, took 0.524140
Iter: 140, took 0.526397
[Valid AUC = 0.901878], Test AUC = 0.892566, Test Std = 0.186161
Iter: 141, took 0.523918
Iter: 142, took 0.527972
Iter: 143, took 0.525361
Iter: 144, took 0.524316
Iter: 145, took 0.522354
[Valid AUC = 0.902596], Test AUC = 0.894965, Test Std = 0.184929
Iter: 146, took 0.527003
Iter: 147, took 0.526974
Iter: 148, took 0.526568
Iter: 149, took 0.527003
Iter: 150, took 0.525194
[Valid AUC = 0.902322], Test AUC = 0.893029, Test Std = 0.184937
Iter: 151, took 0.523555
Iter: 152, took 0.523042
Iter: 153, took 0.523637
Iter: 154, took 0.523638
Iter: 155, took 0.524121
[Valid AUC = 0.901315], Test AUC = 0.890911, Test Std = 0.186093
Iter: 156, took 0.525138
Iter: 157, took 0.525507
Iter: 158, took 0.526559
Iter: 159, took 0.526535
Iter: 160, took 0.527878
[Valid AUC = 0.902991], Test AUC = 0.894084, Test Std = 0.185528
Iter: 161, took 0.507753
Iter: 162, took 0.508810
Iter: 163, took 0.507735
Iter: 164, took 0.509013
Iter: 165, took 0.505582
[Valid AUC = 0.901111], Test AUC = 0.889963, Test Std = 0.186725
Iter: 166, took 0.514063
Iter: 167, took 0.510441
Iter: 168, took 0.513328
Iter: 169, took 0.511844
Iter: 170, took 0.508303
[Valid AUC = 0.901721], Test AUC = 0.892993, Test Std = 0.186296
Iter: 171, took 0.507898
Iter: 172, took 0.507158
Iter: 173, took 0.508042
Iter: 174, took 0.508765
Iter: 175, took 0.508394
[Valid AUC = 0.901863], Test AUC = 0.892014, Test Std = 0.186144
Iter: 176, took 0.512850
Iter: 177, took 0.508524
Iter: 178, took 0.517168
Iter: 179, took 0.506699
Iter: 180, took 0.507792
[Valid AUC = 0.901152], Test AUC = 0.891372, Test Std = 0.186877
Iter: 181, took 0.506984
Iter: 182, took 0.507003
Iter: 183, took 0.508175
Iter: 184, took 0.509154
Iter: 185, took 0.507150
[Valid AUC = 0.900765], Test AUC = 0.890547, Test Std = 0.185464
Iter: 186, took 0.507762
Iter: 187, took 0.505758
Iter: 188, took 0.506945
Iter: 189, took 0.509568
Iter: 190, took 0.506863
[Valid AUC = 0.901039], Test AUC = 0.891274, Test Std = 0.186920
Iter: 191, took 0.507381
Iter: 192, took 0.508339
Iter: 193, took 0.506975
Iter: 194, took 0.505574
Iter: 195, took 0.507787
[Valid AUC = 0.901983], Test AUC = 0.891399, Test Std = 0.186950
Iter: 196, took 0.508754
Iter: 197, took 0.507210
Iter: 198, took 0.509919
Iter: 199, took 0.509220
Iter: 200, took 0.506343
[Valid AUC = 0.901615], Test AUC = 0.893257, Test Std = 0.186951
Iter: 201, took 0.507852
Iter: 202, took 0.510942
Iter: 203, took 0.507378
Iter: 204, took 0.513718
Iter: 205, took 0.505621
[Valid AUC = 0.901196], Test AUC = 0.890694, Test Std = 0.187290
Iter: 206, took 0.506899
Iter: 207, took 0.511754
Iter: 208, took 0.507096
Iter: 209, took 0.506524
Iter: 210, took 0.507930
[Valid AUC = 0.901163], Test AUC = 0.890669, Test Std = 0.187466
Iter: 211, took 0.527829
Iter: 212, took 0.525630
Iter: 213, took 0.521826
Iter: 214, took 0.527182
Iter: 215, took 0.528924
[Valid AUC = 0.899806], Test AUC = 0.891570, Test Std = 0.187152
Overfitted. Exiting... 


 <<< SBPR >>> Test AUC = 0.894095, Test Std = 0.193334
Best Iteration = 160, Val AUC = 0.903002

}
