{
  "corpus": "../data/umn_foursquare_datasets/foursquare_timestamp_5.txt",
  "trusts": "../data/umn_foursquare_datasets/foursquare_trust_5.txt",
  Loading votes from ../data/umn_foursquare_datasets/foursquare_timestamp_5.txt, userMin = 4, itemMin = 0  .........
  "nUsers": 485381
.........

  Generating votes data 
  Loading trusts from ../data/umn_foursquare_datasets/foursquare_trust_5.txt  ........... 
  "nTrusts": 65732

  "nUsers": 43137, "nItems": 24825, "nVotes": 188270

<<< SBPR__K_20_lambda_0.1000_biasReg_1.0000 >>>

Iter: 1, took 0.453986
Iter: 2, took 0.503501
Iter: 3, took 0.501965
Iter: 4, took 0.506950
Iter: 5, took 0.501862
[Valid AUC = 0.857224], Test AUC = 0.861813, Test Std = 0.249780
Iter: 6, took 0.709245
Iter: 7, took 0.710610
Iter: 8, took 0.718931
Iter: 9, took 0.714990
Iter: 10, took 0.713607
[Valid AUC = 0.861973], Test AUC = 0.866212, Test Std = 0.249357
Iter: 11, took 0.705712
Iter: 12, took 0.705310
Iter: 13, took 0.706376
Iter: 14, took 0.709845
Iter: 15, took 0.701211
[Valid AUC = 0.864228], Test AUC = 0.868423, Test Std = 0.249563
Iter: 16, took 0.696507
Iter: 17, took 0.699879
Iter: 18, took 0.709229
Iter: 19, took 0.704886
Iter: 20, took 0.702992
[Valid AUC = 0.865318], Test AUC = 0.869907, Test Std = 0.249953
Iter: 21, took 0.710872
Iter: 22, took 0.715822
Iter: 23, took 0.710168
Iter: 24, took 0.715232
Iter: 25, took 0.714458
[Valid AUC = 0.866016], Test AUC = 0.870564, Test Std = 0.250039
Iter: 26, took 0.727912
Iter: 27, took 0.731128
Iter: 28, took 0.737956
Iter: 29, took 0.759706
Iter: 30, took 0.743574
[Valid AUC = 0.866524], Test AUC = 0.871089, Test Std = 0.249725
Iter: 31, took 0.584751
Iter: 32, took 0.617889
Iter: 33, took 0.581313
Iter: 34, took 0.596564
Iter: 35, took 0.605463
[Valid AUC = 0.866790], Test AUC = 0.870949, Test Std = 0.249640
Iter: 36, took 0.606421
Iter: 37, took 0.625888
Iter: 38, took 0.625075
Iter: 39, took 0.621651
Iter: 40, took 0.621176
[Valid AUC = 0.866881], Test AUC = 0.870678, Test Std = 0.249571
Iter: 41, took 0.972652
Iter: 42, took 1.139712
Iter: 43, took 1.013442
Iter: 44, took 0.906127
Iter: 45, took 1.002894
[Valid AUC = 0.866760], Test AUC = 0.870553, Test Std = 0.249623
Iter: 46, took 0.560102
Iter: 47, took 0.551926
Iter: 48, took 0.561744
Iter: 49, took 0.567293
Iter: 50, took 0.556453
[Valid AUC = 0.866652], Test AUC = 0.870671, Test Std = 0.249664
Iter: 51, took 0.740370
Iter: 52, took 0.725737
Iter: 53, took 0.733220
Iter: 54, took 0.720601
Iter: 55, took 0.722032
[Valid AUC = 0.866803], Test AUC = 0.870162, Test Std = 0.249616
Iter: 56, took 1.051309
Iter: 57, took 0.955594
Iter: 58, took 0.947374
Iter: 59, took 1.100068
Iter: 60, took 1.124928
[Valid AUC = 0.866592], Test AUC = 0.869513, Test Std = 0.249403
Iter: 61, took 0.742950
Iter: 62, took 0.711436
Iter: 63, took 0.719075
Iter: 64, took 0.734254
Iter: 65, took 0.729064
[Valid AUC = 0.865914], Test AUC = 0.869315, Test Std = 0.250224
Iter: 66, took 0.696629
Iter: 67, took 0.712438
Iter: 68, took 0.694110
Iter: 69, took 0.689465
Iter: 70, took 0.675191
[Valid AUC = 0.865790], Test AUC = 0.869145, Test Std = 0.249943
Iter: 71, took 0.702662
Iter: 72, took 0.711045
Iter: 73, took 0.704493
Iter: 74, took 0.712837
Iter: 75, took 0.706347
[Valid AUC = 0.865807], Test AUC = 0.869039, Test Std = 0.250130
Iter: 76, took 0.665829
Iter: 77, took 0.684483
Iter: 78, took 0.718049
Iter: 79, took 0.705053
Iter: 80, took 0.715595
[Valid AUC = 0.865714], Test AUC = 0.869214, Test Std = 0.250149
Iter: 81, took 0.717058
Iter: 82, took 0.729394
Iter: 83, took 0.722211
Iter: 84, took 0.718658
Iter: 85, took 0.726677
[Valid AUC = 0.865604], Test AUC = 0.869117, Test Std = 0.250597
Iter: 86, took 0.508487
Iter: 87, took 0.521266
Iter: 88, took 0.520760
Iter: 89, took 0.520528
Iter: 90, took 0.517042
[Valid AUC = 0.865354], Test AUC = 0.869131, Test Std = 0.250715
Iter: 91, took 0.498790
Iter: 92, took 0.517165
Iter: 93, took 0.503671
Iter: 94, took 0.515729
Iter: 95, took 0.505718
[Valid AUC = 0.864971], Test AUC = 0.868476, Test Std = 0.251103
Overfitted. Exiting... 


 <<< SBPR >>> Test AUC = 0.870693, Test Std = 0.247265
Best Iteration = 40, Val AUC = 0.866856

}
